{"D:\\projects\\js\\telegram-functions-bot\\src\\agent-runner.ts": {"path":"D:\\projects\\js\\telegram-functions-bot\\src\\agent-runner.ts","statementMap":{"0":{"start":{"line":15,"column":17},"end":{"line":15,"column":29}},"1":{"start":{"line":16,"column":15},"end":{"line":16,"column":67}},"2":{"start":{"line":16,"column":40},"end":{"line":16,"column":66}},"3":{"start":{"line":17,"column":2},"end":{"line":17,"column":62}},"4":{"start":{"line":17,"column":13},"end":{"line":17,"column":62}},"5":{"start":{"line":18,"column":17},"end":{"line":18,"column":70}},"6":{"start":{"line":19,"column":35},"end":{"line":25,"column":4}},"7":{"start":{"line":26,"column":14},"end":{"line":29,"column":26}},"8":{"start":{"line":30,"column":2},"end":{"line":36,"column":5}},"9":{"start":{"line":39,"column":2},"end":{"line":42,"column":5}},"10":{"start":{"line":43,"column":2},"end":{"line":43,"column":36}},"11":{"start":{"line":45,"column":14},"end":{"line":45,"column":70}},"12":{"start":{"line":46,"column":2},"end":{"line":52,"column":5}},"13":{"start":{"line":53,"column":2},"end":{"line":53,"column":28}}},"fnMap":{"0":{"name":"runAgent","decl":{"start":{"line":10,"column":22},"end":{"line":10,"column":30}},"loc":{"start":{"line":13,"column":34},"end":{"line":54,"column":1}}},"1":{"name":"(anonymous_1)","decl":{"start":{"line":16,"column":33},"end":{"line":16,"column":34}},"loc":{"start":{"line":16,"column":40},"end":{"line":16,"column":66}}}},"branchMap":{"0":{"loc":{"start":{"line":17,"column":2},"end":{"line":17,"column":62}},"type":"if","locations":[{"start":{"line":17,"column":2},"end":{"line":17,"column":62}}]},"1":{"loc":{"start":{"line":18,"column":17},"end":{"line":18,"column":70}},"type":"binary-expr","locations":[{"start":{"line":18,"column":17},"end":{"line":18,"column":24}},{"start":{"line":18,"column":28},"end":{"line":18,"column":70}}]},"2":{"loc":{"start":{"line":47,"column":9},"end":{"line":47,"column":27}},"type":"binary-expr","locations":[{"start":{"line":47,"column":9},"end":{"line":47,"column":21}},{"start":{"line":47,"column":25},"end":{"line":47,"column":27}}]},"3":{"loc":{"start":{"line":53,"column":9},"end":{"line":53,"column":27}},"type":"binary-expr","locations":[{"start":{"line":53,"column":9},"end":{"line":53,"column":21}},{"start":{"line":53,"column":25},"end":{"line":53,"column":27}}]}},"s":{"0":0,"1":0,"2":0,"3":0,"4":0,"5":0,"6":0,"7":0,"8":0,"9":0,"10":0,"11":0,"12":0,"13":0},"f":{"0":0,"1":0},"b":{"0":[0],"1":[0,0],"2":[0,0],"3":[0,0]}}
,"D:\\projects\\js\\telegram-functions-bot\\src\\bot.ts": {"path":"D:\\projects\\js\\telegram-functions-bot\\src\\bot.ts","statementMap":{"0":{"start":{"line":4,"column":39},"end":{"line":4,"column":41}},"1":{"start":{"line":7,"column":2},"end":{"line":7,"column":54}},"2":{"start":{"line":8,"column":2},"end":{"line":12,"column":3}},"3":{"start":{"line":9,"column":4},"end":{"line":9,"column":46}},"4":{"start":{"line":10,"column":4},"end":{"line":10,"column":65}},"5":{"start":{"line":10,"column":33},"end":{"line":10,"column":63}},"6":{"start":{"line":11,"column":4},"end":{"line":11,"column":67}},"7":{"start":{"line":11,"column":34},"end":{"line":11,"column":65}},"8":{"start":{"line":13,"column":2},"end":{"line":13,"column":25}}},"fnMap":{"0":{"name":"useBot","decl":{"start":{"line":6,"column":16},"end":{"line":6,"column":22}},"loc":{"start":{"line":6,"column":41},"end":{"line":14,"column":1}}},"1":{"name":"(anonymous_1)","decl":{"start":{"line":10,"column":27},"end":{"line":10,"column":30}},"loc":{"start":{"line":10,"column":33},"end":{"line":10,"column":63}}},"2":{"name":"(anonymous_2)","decl":{"start":{"line":11,"column":28},"end":{"line":11,"column":31}},"loc":{"start":{"line":11,"column":34},"end":{"line":11,"column":65}}}},"branchMap":{"0":{"loc":{"start":{"line":7,"column":14},"end":{"line":7,"column":53}},"type":"binary-expr","locations":[{"start":{"line":7,"column":14},"end":{"line":7,"column":23}},{"start":{"line":7,"column":27},"end":{"line":7,"column":53}}]},"1":{"loc":{"start":{"line":8,"column":2},"end":{"line":12,"column":3}},"type":"if","locations":[{"start":{"line":8,"column":2},"end":{"line":12,"column":3}}]}},"s":{"0":7,"1":0,"2":0,"3":0,"4":0,"5":0,"6":0,"7":0,"8":0},"f":{"0":0,"1":0,"2":0},"b":{"0":[0,0],"1":[0]}}
,"D:\\projects\\js\\telegram-functions-bot\\src\\cli-agent.ts": {"path":"D:\\projects\\js\\telegram-functions-bot\\src\\cli-agent.ts","statementMap":{"0":{"start":{"line":6,"column":27},"end":{"line":19,"column":1}},"1":{"start":{"line":7,"column":28},"end":{"line":7,"column":32}},"2":{"start":{"line":8,"column":2},"end":{"line":11,"column":3}},"3":{"start":{"line":9,"column":4},"end":{"line":9,"column":65}},"4":{"start":{"line":10,"column":4},"end":{"line":10,"column":20}},"5":{"start":{"line":12,"column":15},"end":{"line":12,"column":32}},"6":{"start":{"line":13,"column":2},"end":{"line":18,"column":7}},"7":{"start":{"line":13,"column":37},"end":{"line":13,"column":53}},"8":{"start":{"line":14,"column":19},"end":{"line":14,"column":35}},"9":{"start":{"line":16,"column":6},"end":{"line":16,"column":43}},"10":{"start":{"line":17,"column":6},"end":{"line":17,"column":22}},"11":{"start":{"line":22,"column":15},"end":{"line":28,"column":4}},"12":{"start":{"line":23,"column":26},"end":{"line":23,"column":56}},"13":{"start":{"line":24,"column":21},"end":{"line":26,"column":8}},"14":{"start":{"line":27,"column":2},"end":{"line":27,"column":40}},"15":{"start":{"line":30,"column":0},"end":{"line":32,"column":1}},"16":{"start":{"line":31,"column":2},"end":{"line":31,"column":37}}},"fnMap":{"0":{"name":"(anonymous_0)","decl":{"start":{"line":6,"column":27},"end":{"line":6,"column":28}},"loc":{"start":{"line":6,"column":46},"end":{"line":19,"column":1}}},"1":{"name":"(anonymous_1)","decl":{"start":{"line":13,"column":28},"end":{"line":13,"column":29}},"loc":{"start":{"line":13,"column":37},"end":{"line":13,"column":53}}},"2":{"name":"(anonymous_2)","decl":{"start":{"line":14,"column":10},"end":{"line":14,"column":11}},"loc":{"start":{"line":14,"column":19},"end":{"line":14,"column":35}}},"3":{"name":"(anonymous_3)","decl":{"start":{"line":15,"column":11},"end":{"line":15,"column":12}},"loc":{"start":{"line":15,"column":19},"end":{"line":18,"column":5}}},"4":{"name":"(anonymous_4)","decl":{"start":{"line":22,"column":16},"end":{"line":22,"column":19}},"loc":{"start":{"line":22,"column":21},"end":{"line":28,"column":1}}}},"branchMap":{"0":{"loc":{"start":{"line":8,"column":2},"end":{"line":11,"column":3}},"type":"if","locations":[{"start":{"line":8,"column":2},"end":{"line":11,"column":3}}]},"1":{"loc":{"start":{"line":12,"column":15},"end":{"line":12,"column":32}},"type":"binary-expr","locations":[{"start":{"line":12,"column":15},"end":{"line":12,"column":26}},{"start":{"line":12,"column":30},"end":{"line":12,"column":32}}]},"2":{"loc":{"start":{"line":24,"column":21},"end":{"line":26,"column":8}},"type":"cond-expr","locations":[{"start":{"line":25,"column":6},"end":{"line":25,"column":45}},{"start":{"line":26,"column":6},"end":{"line":26,"column":8}}]},"3":{"loc":{"start":{"line":30,"column":0},"end":{"line":32,"column":1}},"type":"if","locations":[{"start":{"line":30,"column":0},"end":{"line":32,"column":1}}]}},"s":{"0":1,"1":0,"2":0,"3":0,"4":0,"5":0,"6":0,"7":0,"8":0,"9":0,"10":0,"11":1,"12":1,"13":1,"14":1,"15":1,"16":0},"f":{"0":0,"1":0,"2":0,"3":0,"4":1},"b":{"0":[0],"1":[0,0],"2":[1,0],"3":[0]}}
,"D:\\projects\\js\\telegram-functions-bot\\src\\config.ts": {"path":"D:\\projects\\js\\telegram-functions-bot\\src\\config.ts","statementMap":{"0":{"start":{"line":19,"column":2},"end":{"line":19,"column":55}},"1":{"start":{"line":19,"column":13},"end":{"line":19,"column":55}},"2":{"start":{"line":20,"column":2},"end":{"line":27,"column":3}},"3":{"start":{"line":21,"column":19},"end":{"line":21,"column":35}},"4":{"start":{"line":22,"column":4},"end":{"line":22,"column":30}},"5":{"start":{"line":23,"column":4},"end":{"line":25,"column":5}},"6":{"start":{"line":24,"column":6},"end":{"line":24,"column":79}},"7":{"start":{"line":26,"column":4},"end":{"line":26,"column":18}},"8":{"start":{"line":28,"column":17},"end":{"line":28,"column":68}},"9":{"start":{"line":30,"column":2},"end":{"line":32,"column":3}},"10":{"start":{"line":31,"column":4},"end":{"line":31,"column":33}},"11":{"start":{"line":35,"column":23},"end":{"line":35,"column":28}},"12":{"start":{"line":36,"column":2},"end":{"line":52,"column":5}},"13":{"start":{"line":37,"column":4},"end":{"line":37,"column":45}},"14":{"start":{"line":37,"column":33},"end":{"line":37,"column":45}},"15":{"start":{"line":38,"column":4},"end":{"line":38,"column":35}},"16":{"start":{"line":38,"column":23},"end":{"line":38,"column":35}},"17":{"start":{"line":39,"column":4},"end":{"line":39,"column":37}},"18":{"start":{"line":39,"column":25},"end":{"line":39,"column":37}},"19":{"start":{"line":41,"column":17},"end":{"line":41,"column":66}},"20":{"start":{"line":42,"column":16},"end":{"line":42,"column":62}},"21":{"start":{"line":43,"column":23},"end":{"line":43,"column":44}},"22":{"start":{"line":44,"column":4},"end":{"line":44,"column":26}},"23":{"start":{"line":46,"column":4},"end":{"line":49,"column":7}},"24":{"start":{"line":51,"column":4},"end":{"line":51,"column":35}},"25":{"start":{"line":54,"column":2},"end":{"line":57,"column":3}},"26":{"start":{"line":55,"column":4},"end":{"line":55,"column":36}},"27":{"start":{"line":58,"column":2},"end":{"line":58,"column":28}},"28":{"start":{"line":59,"column":2},"end":{"line":59,"column":16}},"29":{"start":{"line":67,"column":2},"end":{"line":77,"column":3}},"30":{"start":{"line":68,"column":20},"end":{"line":72,"column":6}},"31":{"start":{"line":74,"column":4},"end":{"line":74,"column":33}},"32":{"start":{"line":76,"column":4},"end":{"line":76,"column":49}},"33":{"start":{"line":79,"column":2},"end":{"line":79,"column":16}},"34":{"start":{"line":83,"column":2},"end":{"line":189,"column":4}},"35":{"start":{"line":193,"column":14},"end":{"line":193,"column":18}},"36":{"start":{"line":194,"column":14},"end":{"line":194,"column":30}},"37":{"start":{"line":195,"column":2},"end":{"line":201,"column":3}},"38":{"start":{"line":196,"column":4},"end":{"line":200,"column":5}},"39":{"start":{"line":197,"column":18},"end":{"line":197,"column":45}},"40":{"start":{"line":198,"column":6},"end":{"line":198,"column":38}},"41":{"start":{"line":199,"column":6},"end":{"line":199,"column":20}},"42":{"start":{"line":202,"column":2},"end":{"line":202,"column":15}},"43":{"start":{"line":206,"column":2},"end":{"line":211,"column":22}},"44":{"start":{"line":216,"column":19},"end":{"line":216,"column":75}},"45":{"start":{"line":217,"column":20},"end":{"line":235,"column":3}},"46":{"start":{"line":222,"column":4},"end":{"line":234,"column":7}},"47":{"start":{"line":223,"column":6},"end":{"line":233,"column":7}},"48":{"start":{"line":224,"column":21},"end":{"line":224,"column":25}},"49":{"start":{"line":225,"column":8},"end":{"line":228,"column":9}},"50":{"start":{"line":226,"column":27},"end":{"line":226,"column":35}},"51":{"start":{"line":227,"column":10},"end":{"line":227,"column":40}},"52":{"start":{"line":229,"column":8},"end":{"line":232,"column":11}},"53":{"start":{"line":236,"column":2},"end":{"line":236,"column":68}},"54":{"start":{"line":237,"column":2},"end":{"line":243,"column":4}},"55":{"start":{"line":238,"column":4},"end":{"line":241,"column":null}},"56":{"start":{"line":246,"column":22},"end":{"line":247,"column":null}},"57":{"start":{"line":247,"column":11},"end":{"line":247,"column":36}},"58":{"start":{"line":249,"column":19},"end":{"line":249,"column":74}},"59":{"start":{"line":250,"column":2},"end":{"line":252,"column":4}},"60":{"start":{"line":251,"column":4},"end":{"line":251,"column":71}},"61":{"start":{"line":256,"column":24},"end":{"line":260,"column":4}},"62":{"start":{"line":261,"column":24},"end":{"line":265,"column":4}},"63":{"start":{"line":266,"column":2},"end":{"line":270,"column":3}},"64":{"start":{"line":267,"column":17},"end":{"line":267,"column":59}},"65":{"start":{"line":268,"column":4},"end":{"line":268,"column":45}},"66":{"start":{"line":269,"column":4},"end":{"line":269,"column":56}},"67":{"start":{"line":274,"column":19},"end":{"line":274,"column":37}},"68":{"start":{"line":275,"column":19},"end":{"line":275,"column":37}},"69":{"start":{"line":276,"column":20},"end":{"line":276,"column":22}},"70":{"start":{"line":278,"column":2},"end":{"line":283,"column":3}},"71":{"start":{"line":278,"column":15},"end":{"line":278,"column":16}},"72":{"start":{"line":279,"column":4},"end":{"line":282,"column":5}},"73":{"start":{"line":280,"column":6},"end":{"line":280,"column":47}},"74":{"start":{"line":281,"column":6},"end":{"line":281,"column":47}},"75":{"start":{"line":285,"column":2},"end":{"line":285,"column":30}},"76":{"start":{"line":288,"column":17},"end":{"line":288,"column":51}},"77":{"start":{"line":290,"column":2},"end":{"line":290,"column":20}},"78":{"start":{"line":297,"column":21},"end":{"line":300,"column":4}},"79":{"start":{"line":301,"column":18},"end":{"line":301,"column":64}},"80":{"start":{"line":302,"column":2},"end":{"line":302,"column":23}},"81":{"start":{"line":302,"column":16},"end":{"line":302,"column":23}},"82":{"start":{"line":304,"column":2},"end":{"line":304,"column":31}},"83":{"start":{"line":306,"column":17},"end":{"line":306,"column":28}},"84":{"start":{"line":307,"column":20},"end":{"line":307,"column":71}},"85":{"start":{"line":307,"column":50},"end":{"line":307,"column":70}},"86":{"start":{"line":309,"column":2},"end":{"line":309,"column":33}},"87":{"start":{"line":310,"column":2},"end":{"line":310,"column":34}},"88":{"start":{"line":312,"column":2},"end":{"line":312,"column":17}},"89":{"start":{"line":319,"column":15},"end":{"line":322,"column":null}},"90":{"start":{"line":324,"column":2},"end":{"line":327,"column":3}},"91":{"start":{"line":325,"column":4},"end":{"line":325,"column":66}},"92":{"start":{"line":326,"column":4},"end":{"line":326,"column":11}},"93":{"start":{"line":329,"column":42},"end":{"line":329,"column":44}},"94":{"start":{"line":330,"column":2},"end":{"line":341,"column":3}},"95":{"start":{"line":333,"column":41},"end":{"line":338,"column":6}},"96":{"start":{"line":339,"column":4},"end":{"line":339,"column":46}},"97":{"start":{"line":339,"column":37},"end":{"line":339,"column":46}},"98":{"start":{"line":340,"column":4},"end":{"line":340,"column":25}},"99":{"start":{"line":342,"column":2},"end":{"line":342,"column":17}},"100":{"start":{"line":346,"column":2},"end":{"line":360,"column":4}},"101":{"start":{"line":349,"column":24},"end":{"line":349,"column":35}},"102":{"start":{"line":350,"column":21},"end":{"line":350,"column":35}},"103":{"start":{"line":351,"column":6},"end":{"line":351,"column":42}},"104":{"start":{"line":353,"column":6},"end":{"line":358,"column":11}},"105":{"start":{"line":354,"column":23},"end":{"line":354,"column":49}},"106":{"start":{"line":356,"column":21},"end":{"line":356,"column":35}},"107":{"start":{"line":357,"column":10},"end":{"line":357,"column":65}},"108":{"start":{"line":363,"column":13},"end":{"line":363,"column":29}},"109":{"start":{"line":365,"column":2},"end":{"line":365,"column":47}},"110":{"start":{"line":365,"column":32},"end":{"line":365,"column":47}},"111":{"start":{"line":366,"column":2},"end":{"line":366,"column":16}},"112":{"start":{"line":369,"column":2},"end":{"line":369,"column":24}},"113":{"start":{"line":370,"column":2},"end":{"line":370,"column":16}}},"fnMap":{"0":{"name":"readConfig","decl":{"start":{"line":18,"column":16},"end":{"line":18,"column":26}},"loc":{"start":{"line":18,"column":40},"end":{"line":60,"column":1}}},"1":{"name":"(anonymous_1)","decl":{"start":{"line":36,"column":34},"end":{"line":36,"column":35}},"loc":{"start":{"line":36,"column":48},"end":{"line":52,"column":3}}},"2":{"name":"writeConfig","decl":{"start":{"line":63,"column":16},"end":{"line":63,"column":27}},"loc":{"start":{"line":65,"column":20},"end":{"line":80,"column":1}}},"3":{"name":"generateConfig","decl":{"start":{"line":82,"column":16},"end":{"line":82,"column":30}},"loc":{"start":{"line":82,"column":30},"end":{"line":190,"column":1}}},"4":{"name":"validateConfig","decl":{"start":{"line":192,"column":16},"end":{"line":192,"column":30}},"loc":{"start":{"line":192,"column":49},"end":{"line":203,"column":1}}},"5":{"name":"generatePrivateChatConfig","decl":{"start":{"line":205,"column":16},"end":{"line":205,"column":41}},"loc":{"start":{"line":205,"column":58},"end":{"line":212,"column":1}}},"6":{"name":"checkConfigSchema","decl":{"start":{"line":214,"column":16},"end":{"line":214,"column":33}},"loc":{"start":{"line":214,"column":52},"end":{"line":253,"column":1}}},"7":{"name":"(anonymous_7)","decl":{"start":{"line":217,"column":20},"end":{"line":217,"column":null}},"loc":{"start":{"line":221,"column":6},"end":{"line":235,"column":3}}},"8":{"name":"(anonymous_8)","decl":{"start":{"line":222,"column":29},"end":{"line":222,"column":30}},"loc":{"start":{"line":222,"column":35},"end":{"line":234,"column":5}}},"9":{"name":"(anonymous_9)","decl":{"start":{"line":237,"column":31},"end":{"line":237,"column":32}},"loc":{"start":{"line":238,"column":4},"end":{"line":241,"column":null}}},"10":{"name":"(anonymous_10)","decl":{"start":{"line":247,"column":4},"end":{"line":247,"column":5}},"loc":{"start":{"line":247,"column":11},"end":{"line":247,"column":36}}},"11":{"name":"(anonymous_11)","decl":{"start":{"line":250,"column":23},"end":{"line":250,"column":24}},"loc":{"start":{"line":251,"column":4},"end":{"line":251,"column":71}}},"12":{"name":"logConfigChanges","decl":{"start":{"line":255,"column":16},"end":{"line":255,"column":32}},"loc":{"start":{"line":255,"column":77},"end":{"line":271,"column":1}}},"13":{"name":"generateDiff","decl":{"start":{"line":273,"column":9},"end":{"line":273,"column":21}},"loc":{"start":{"line":273,"column":52},"end":{"line":286,"column":1}}},"14":{"name":"setConfigPath","decl":{"start":{"line":289,"column":16},"end":{"line":289,"column":29}},"loc":{"start":{"line":289,"column":42},"end":{"line":291,"column":1}}},"15":{"name":"syncButtons","decl":{"start":{"line":293,"column":22},"end":{"line":293,"column":33}},"loc":{"start":{"line":295,"column":39},"end":{"line":313,"column":1}}},"16":{"name":"(anonymous_16)","decl":{"start":{"line":307,"column":43},"end":{"line":307,"column":44}},"loc":{"start":{"line":307,"column":50},"end":{"line":307,"column":70}}},"17":{"name":"getGoogleButtons","decl":{"start":{"line":315,"column":22},"end":{"line":315,"column":38}},"loc":{"start":{"line":317,"column":39},"end":{"line":343,"column":1}}},"18":{"name":"watchConfigChanges","decl":{"start":{"line":345,"column":16},"end":{"line":345,"column":34}},"loc":{"start":{"line":345,"column":34},"end":{"line":361,"column":1}}},"19":{"name":"(anonymous_19)","decl":{"start":{"line":348,"column":13},"end":{"line":348,"column":16}},"loc":{"start":{"line":348,"column":18},"end":{"line":359,"column":5}}},"20":{"name":"(anonymous_20)","decl":{"start":{"line":354,"column":16},"end":{"line":354,"column":17}},"loc":{"start":{"line":354,"column":23},"end":{"line":354,"column":49}}},"21":{"name":"(anonymous_21)","decl":{"start":{"line":355,"column":17},"end":{"line":355,"column":18}},"loc":{"start":{"line":355,"column":23},"end":{"line":358,"column":9}}},"22":{"name":"useConfig","decl":{"start":{"line":364,"column":16},"end":{"line":364,"column":25}},"loc":{"start":{"line":364,"column":25},"end":{"line":367,"column":1}}},"23":{"name":"reloadConfig","decl":{"start":{"line":368,"column":16},"end":{"line":368,"column":28}},"loc":{"start":{"line":368,"column":28},"end":{"line":371,"column":1}}}},"branchMap":{"0":{"loc":{"start":{"line":19,"column":2},"end":{"line":19,"column":55}},"type":"if","locations":[{"start":{"line":19,"column":2},"end":{"line":19,"column":55}}]},"1":{"loc":{"start":{"line":19,"column":20},"end":{"line":19,"column":54}},"type":"binary-expr","locations":[{"start":{"line":19,"column":20},"end":{"line":19,"column":38}},{"start":{"line":19,"column":42},"end":{"line":19,"column":54}}]},"2":{"loc":{"start":{"line":20,"column":2},"end":{"line":27,"column":3}},"type":"if","locations":[{"start":{"line":20,"column":2},"end":{"line":27,"column":3}}]},"3":{"loc":{"start":{"line":23,"column":4},"end":{"line":25,"column":5}},"type":"if","locations":[{"start":{"line":23,"column":4},"end":{"line":25,"column":5}}]},"4":{"loc":{"start":{"line":30,"column":2},"end":{"line":32,"column":3}},"type":"if","locations":[{"start":{"line":30,"column":2},"end":{"line":32,"column":3}}]},"5":{"loc":{"start":{"line":37,"column":4},"end":{"line":37,"column":45}},"type":"if","locations":[{"start":{"line":37,"column":4},"end":{"line":37,"column":45}}]},"6":{"loc":{"start":{"line":38,"column":4},"end":{"line":38,"column":35}},"type":"if","locations":[{"start":{"line":38,"column":4},"end":{"line":38,"column":35}}]},"7":{"loc":{"start":{"line":39,"column":4},"end":{"line":39,"column":37}},"type":"if","locations":[{"start":{"line":39,"column":4},"end":{"line":39,"column":37}}]},"8":{"loc":{"start":{"line":41,"column":17},"end":{"line":41,"column":66}},"type":"binary-expr","locations":[{"start":{"line":41,"column":17},"end":{"line":41,"column":53}},{"start":{"line":41,"column":57},"end":{"line":41,"column":66}}]},"9":{"loc":{"start":{"line":43,"column":23},"end":{"line":43,"column":44}},"type":"binary-expr","locations":[{"start":{"line":43,"column":23},"end":{"line":43,"column":26}},{"start":{"line":43,"column":30},"end":{"line":43,"column":44}}]},"10":{"loc":{"start":{"line":54,"column":2},"end":{"line":57,"column":3}},"type":"if","locations":[{"start":{"line":54,"column":2},"end":{"line":57,"column":3}}]},"11":{"loc":{"start":{"line":64,"column":2},"end":{"line":64,"column":41}},"type":"default-arg","locations":[{"start":{"line":64,"column":29},"end":{"line":64,"column":41}}]},"12":{"loc":{"start":{"line":196,"column":4},"end":{"line":200,"column":5}},"type":"if","locations":[{"start":{"line":196,"column":4},"end":{"line":200,"column":5}}]},"13":{"loc":{"start":{"line":196,"column":8},"end":{"line":196,"column":66}},"type":"binary-expr","locations":[{"start":{"line":196,"column":8},"end":{"line":196,"column":26}},{"start":{"line":196,"column":30},"end":{"line":196,"column":66}}]},"14":{"loc":{"start":{"line":220,"column":4},"end":{"line":220,"column":13}},"type":"default-arg","locations":[{"start":{"line":220,"column":11},"end":{"line":220,"column":13}}]},"15":{"loc":{"start":{"line":223,"column":6},"end":{"line":233,"column":7}},"type":"if","locations":[{"start":{"line":223,"column":6},"end":{"line":233,"column":7}}]},"16":{"loc":{"start":{"line":225,"column":8},"end":{"line":228,"column":9}},"type":"if","locations":[{"start":{"line":225,"column":8},"end":{"line":228,"column":9}}]},"17":{"loc":{"start":{"line":266,"column":2},"end":{"line":270,"column":3}},"type":"if","locations":[{"start":{"line":266,"column":2},"end":{"line":270,"column":3}}]},"18":{"loc":{"start":{"line":279,"column":4},"end":{"line":282,"column":5}},"type":"if","locations":[{"start":{"line":279,"column":4},"end":{"line":282,"column":5}}]},"19":{"loc":{"start":{"line":280,"column":26},"end":{"line":280,"column":43}},"type":"binary-expr","locations":[{"start":{"line":280,"column":26},"end":{"line":280,"column":37}},{"start":{"line":280,"column":41},"end":{"line":280,"column":43}}]},"20":{"loc":{"start":{"line":281,"column":26},"end":{"line":281,"column":43}},"type":"binary-expr","locations":[{"start":{"line":281,"column":26},"end":{"line":281,"column":37}},{"start":{"line":281,"column":41},"end":{"line":281,"column":43}}]},"21":{"loc":{"start":{"line":288,"column":17},"end":{"line":288,"column":51}},"type":"binary-expr","locations":[{"start":{"line":288,"column":17},"end":{"line":288,"column":35}},{"start":{"line":288,"column":39},"end":{"line":288,"column":51}}]},"22":{"loc":{"start":{"line":297,"column":21},"end":{"line":300,"column":4}},"type":"binary-expr","locations":[{"start":{"line":297,"column":21},"end":{"line":297,"column":37}},{"start":{"line":297,"column":41},"end":{"line":300,"column":4}}]},"23":{"loc":{"start":{"line":302,"column":2},"end":{"line":302,"column":23}},"type":"if","locations":[{"start":{"line":302,"column":2},"end":{"line":302,"column":23}}]},"24":{"loc":{"start":{"line":324,"column":2},"end":{"line":327,"column":3}},"type":"if","locations":[{"start":{"line":324,"column":2},"end":{"line":327,"column":3}}]},"25":{"loc":{"start":{"line":339,"column":4},"end":{"line":339,"column":46}},"type":"if","locations":[{"start":{"line":339,"column":4},"end":{"line":339,"column":46}}]},"26":{"loc":{"start":{"line":354,"column":23},"end":{"line":354,"column":49}},"type":"binary-expr","locations":[{"start":{"line":354,"column":23},"end":{"line":354,"column":27}},{"start":{"line":354,"column":31},"end":{"line":354,"column":49}}]},"27":{"loc":{"start":{"line":365,"column":2},"end":{"line":365,"column":47}},"type":"if","locations":[{"start":{"line":365,"column":2},"end":{"line":365,"column":47}}]}},"s":{"0":5,"1":2,"2":5,"3":1,"4":1,"5":1,"6":0,"7":1,"8":4,"9":4,"10":2,"11":4,"12":4,"13":50,"14":4,"15":46,"16":4,"17":42,"18":42,"19":0,"20":0,"21":0,"22":0,"23":0,"24":0,"25":4,"26":0,"27":4,"28":4,"29":3,"30":3,"31":2,"32":1,"33":3,"34":18,"35":0,"36":0,"37":0,"38":0,"39":0,"40":0,"41":0,"42":0,"43":0,"44":4,"45":4,"46":72,"47":459,"48":1,"49":1,"50":0,"51":0,"52":1,"53":4,"54":4,"55":18,"56":4,"57":8,"58":4,"59":4,"60":50,"61":0,"62":0,"63":0,"64":0,"65":0,"66":0,"67":0,"68":0,"69":0,"70":0,"71":0,"72":0,"73":0,"74":0,"75":0,"76":7,"77":0,"78":0,"79":0,"80":0,"81":0,"82":0,"83":0,"84":0,"85":0,"86":0,"87":0,"88":0,"89":0,"90":0,"91":0,"92":0,"93":0,"94":0,"95":0,"96":0,"97":0,"98":0,"99":0,"100":0,"101":0,"102":0,"103":0,"104":0,"105":0,"106":0,"107":0,"108":7,"109":3,"110":2,"111":3,"112":2,"113":2},"f":{"0":5,"1":50,"2":3,"3":18,"4":0,"5":0,"6":4,"7":72,"8":459,"9":18,"10":8,"11":50,"12":0,"13":0,"14":0,"15":0,"16":0,"17":0,"18":0,"19":0,"20":0,"21":0,"22":3,"23":2},"b":{"0":[2],"1":[2,2],"2":[1],"3":[0],"4":[2],"5":[4],"6":[4],"7":[42],"8":[0,0],"9":[0,0],"10":[0],"11":[0],"12":[0],"13":[0,0],"14":[4],"15":[1],"16":[0],"17":[0],"18":[0],"19":[0,0],"20":[0,0],"21":[7,7],"22":[0,0],"23":[0],"24":[0],"25":[0],"26":[0,0],"27":[2]}}
,"D:\\projects\\js\\telegram-functions-bot\\src\\helpers.ts": {"path":"D:\\projects\\js\\telegram-functions-bot\\src\\helpers.ts","statementMap":{"0":{"start":{"line":26,"column":19},"end":{"line":26,"column":57}},"1":{"start":{"line":27,"column":20},"end":{"line":30,"column":22}},"2":{"start":{"line":31,"column":20},"end":{"line":31,"column":48}},"3":{"start":{"line":32,"column":2},"end":{"line":34,"column":3}},"4":{"start":{"line":33,"column":4},"end":{"line":33,"column":34}},"5":{"start":{"line":35,"column":18},"end":{"line":35,"column":42}},"6":{"start":{"line":36,"column":23},"end":{"line":36,"column":57}},"7":{"start":{"line":37,"column":22},"end":{"line":37,"column":54}},"8":{"start":{"line":38,"column":22},"end":{"line":38,"column":79}},"9":{"start":{"line":39,"column":21},"end":{"line":39,"column":109}},"10":{"start":{"line":42,"column":2},"end":{"line":45,"column":3}},"11":{"start":{"line":43,"column":4},"end":{"line":43,"column":35}},"12":{"start":{"line":44,"column":4},"end":{"line":44,"column":64}},"13":{"start":{"line":47,"column":2},"end":{"line":62,"column":3}},"14":{"start":{"line":49,"column":6},"end":{"line":49,"column":32}},"15":{"start":{"line":50,"column":6},"end":{"line":50,"column":12}},"16":{"start":{"line":52,"column":6},"end":{"line":52,"column":31}},"17":{"start":{"line":53,"column":6},"end":{"line":53,"column":12}},"18":{"start":{"line":55,"column":6},"end":{"line":55,"column":31}},"19":{"start":{"line":56,"column":6},"end":{"line":56,"column":12}},"20":{"start":{"line":58,"column":6},"end":{"line":58,"column":32}},"21":{"start":{"line":59,"column":6},"end":{"line":59,"column":12}},"22":{"start":{"line":61,"column":6},"end":{"line":61,"column":30}},"23":{"start":{"line":66,"column":20},"end":{"line":66,"column":42}},"24":{"start":{"line":67,"column":2},"end":{"line":69,"column":3}},"25":{"start":{"line":68,"column":4},"end":{"line":68,"column":49}},"26":{"start":{"line":73,"column":2},"end":{"line":73,"column":19}},"27":{"start":{"line":73,"column":12},"end":{"line":73,"column":19}},"28":{"start":{"line":74,"column":2},"end":{"line":74,"column":25}},"29":{"start":{"line":78,"column":13},"end":{"line":78,"column":14}},"30":{"start":{"line":80,"column":2},"end":{"line":80,"column":42}},"31":{"start":{"line":80,"column":30},"end":{"line":80,"column":42}},"32":{"start":{"line":82,"column":2},"end":{"line":86,"column":3}},"33":{"start":{"line":82,"column":15},"end":{"line":82,"column":16}},"34":{"start":{"line":83,"column":17},"end":{"line":83,"column":40}},"35":{"start":{"line":84,"column":4},"end":{"line":84,"column":37}},"36":{"start":{"line":85,"column":4},"end":{"line":85,"column":23}},"37":{"start":{"line":88,"column":2},"end":{"line":88,"column":24}}},"fnMap":{"0":{"name":"log","decl":{"start":{"line":17,"column":16},"end":{"line":17,"column":19}},"loc":{"start":{"line":25,"column":12},"end":{"line":63,"column":1}}},"1":{"name":"ensureDirectoryExists","decl":{"start":{"line":65,"column":16},"end":{"line":65,"column":37}},"loc":{"start":{"line":65,"column":54},"end":{"line":70,"column":1}}},"2":{"name":"sendToHttp","decl":{"start":{"line":72,"column":16},"end":{"line":72,"column":26}},"loc":{"start":{"line":72,"column":74},"end":{"line":75,"column":1}}},"3":{"name":"agentNameToId","decl":{"start":{"line":77,"column":16},"end":{"line":77,"column":29}},"loc":{"start":{"line":77,"column":47},"end":{"line":89,"column":1}}}},"branchMap":{"0":{"loc":{"start":{"line":19,"column":2},"end":{"line":19,"column":19}},"type":"default-arg","locations":[{"start":{"line":19,"column":13},"end":{"line":19,"column":19}}]},"1":{"loc":{"start":{"line":24,"column":2},"end":{"line":24,"column":31}},"type":"default-arg","locations":[{"start":{"line":24,"column":12},"end":{"line":24,"column":31}}]},"2":{"loc":{"start":{"line":31,"column":20},"end":{"line":31,"column":48}},"type":"cond-expr","locations":[{"start":{"line":31,"column":29},"end":{"line":31,"column":43}},{"start":{"line":31,"column":46},"end":{"line":31,"column":48}}]},"3":{"loc":{"start":{"line":32,"column":2},"end":{"line":34,"column":3}},"type":"if","locations":[{"start":{"line":32,"column":2},"end":{"line":34,"column":3}}]},"4":{"loc":{"start":{"line":35,"column":18},"end":{"line":35,"column":42}},"type":"cond-expr","locations":[{"start":{"line":35,"column":25},"end":{"line":35,"column":37}},{"start":{"line":35,"column":40},"end":{"line":35,"column":42}}]},"5":{"loc":{"start":{"line":36,"column":23},"end":{"line":36,"column":57}},"type":"cond-expr","locations":[{"start":{"line":36,"column":35},"end":{"line":36,"column":52}},{"start":{"line":36,"column":55},"end":{"line":36,"column":57}}]},"6":{"loc":{"start":{"line":37,"column":22},"end":{"line":37,"column":54}},"type":"cond-expr","locations":[{"start":{"line":37,"column":33},"end":{"line":37,"column":49}},{"start":{"line":37,"column":52},"end":{"line":37,"column":54}}]},"7":{"loc":{"start":{"line":38,"column":22},"end":{"line":38,"column":79}},"type":"cond-expr","locations":[{"start":{"line":38,"column":44},"end":{"line":38,"column":74}},{"start":{"line":38,"column":77},"end":{"line":38,"column":79}}]},"8":{"loc":{"start":{"line":42,"column":2},"end":{"line":45,"column":3}},"type":"if","locations":[{"start":{"line":42,"column":2},"end":{"line":45,"column":3}}]},"9":{"loc":{"start":{"line":47,"column":2},"end":{"line":62,"column":3}},"type":"switch","locations":[{"start":{"line":48,"column":4},"end":{"line":50,"column":12}},{"start":{"line":51,"column":4},"end":{"line":53,"column":12}},{"start":{"line":54,"column":4},"end":{"line":56,"column":12}},{"start":{"line":57,"column":4},"end":{"line":59,"column":12}},{"start":{"line":60,"column":4},"end":{"line":61,"column":30}}]},"10":{"loc":{"start":{"line":67,"column":2},"end":{"line":69,"column":3}},"type":"if","locations":[{"start":{"line":67,"column":2},"end":{"line":69,"column":3}}]},"11":{"loc":{"start":{"line":73,"column":2},"end":{"line":73,"column":19}},"type":"if","locations":[{"start":{"line":73,"column":2},"end":{"line":73,"column":19}}]},"12":{"loc":{"start":{"line":80,"column":2},"end":{"line":80,"column":42}},"type":"if","locations":[{"start":{"line":80,"column":2},"end":{"line":80,"column":42}}]}},"s":{"0":10,"1":10,"2":10,"3":10,"4":0,"5":10,"6":10,"7":10,"8":10,"9":10,"10":10,"11":10,"12":10,"13":10,"14":1,"15":1,"16":5,"17":5,"18":3,"19":3,"20":1,"21":1,"22":0,"23":10,"24":10,"25":0,"26":0,"27":0,"28":0,"29":0,"30":0,"31":0,"32":0,"33":0,"34":0,"35":0,"36":0,"37":0},"f":{"0":10,"1":10,"2":0,"3":0},"b":{"0":[4],"1":[10],"2":[4,6],"3":[0],"4":[3,7],"5":[1,9],"6":[1,9],"7":[5,5],"8":[10],"9":[1,5,3,1,0],"10":[0],"11":[0],"12":[0]}}
,"D:\\projects\\js\\telegram-functions-bot\\src\\httpHandlers.ts": {"path":"D:\\projects\\js\\telegram-functions-bot\\src\\httpHandlers.ts","statementMap":{"0":{"start":{"line":12,"column":22},"end":{"line":12,"column":37}},"1":{"start":{"line":14,"column":12},"end":{"line":15,"column":null}},"2":{"start":{"line":17,"column":16},"end":{"line":17,"column":27}},"3":{"start":{"line":23,"column":24},"end":{"line":23,"column":34}},"4":{"start":{"line":25,"column":2},"end":{"line":35,"column":3}},"5":{"start":{"line":26,"column":4},"end":{"line":31,"column":7}},"6":{"start":{"line":33,"column":4},"end":{"line":33,"column":54}},"7":{"start":{"line":34,"column":4},"end":{"line":34,"column":61}},"8":{"start":{"line":39,"column":22},"end":{"line":39,"column":50}},"9":{"start":{"line":40,"column":20},"end":{"line":40,"column":42}},"10":{"start":{"line":41,"column":23},"end":{"line":41,"column":43}},"11":{"start":{"line":43,"column":4},"end":{"line":44,"column":49}},"12":{"start":{"line":45,"column":2},"end":{"line":45,"column":18}},"13":{"start":{"line":52,"column":24},"end":{"line":52,"column":34}},"14":{"start":{"line":53,"column":28},"end":{"line":53,"column":42}},"15":{"start":{"line":54,"column":16},"end":{"line":54,"column":44}},"16":{"start":{"line":55,"column":22},"end":{"line":55,"column":79}},"17":{"start":{"line":55,"column":52},"end":{"line":55,"column":78}},"18":{"start":{"line":56,"column":2},"end":{"line":63,"column":3}},"19":{"start":{"line":57,"column":4},"end":{"line":61,"column":7}},"20":{"start":{"line":62,"column":4},"end":{"line":62,"column":48}},"21":{"start":{"line":64,"column":2},"end":{"line":71,"column":3}},"22":{"start":{"line":65,"column":4},"end":{"line":69,"column":7}},"23":{"start":{"line":70,"column":4},"end":{"line":70,"column":61}},"24":{"start":{"line":72,"column":2},"end":{"line":79,"column":3}},"25":{"start":{"line":73,"column":4},"end":{"line":77,"column":7}},"26":{"start":{"line":78,"column":4},"end":{"line":78,"column":61}},"27":{"start":{"line":80,"column":2},"end":{"line":87,"column":3}},"28":{"start":{"line":81,"column":4},"end":{"line":85,"column":7}},"29":{"start":{"line":86,"column":4},"end":{"line":86,"column":52}},"30":{"start":{"line":88,"column":17},"end":{"line":88,"column":77}},"31":{"start":{"line":89,"column":14},"end":{"line":95,"column":27}},"32":{"start":{"line":96,"column":2},"end":{"line":103,"column":5}},"33":{"start":{"line":106,"column":2},"end":{"line":109,"column":5}},"34":{"start":{"line":111,"column":17},"end":{"line":113,"column":26}},"35":{"start":{"line":114,"column":17},"end":{"line":114,"column":38}},"36":{"start":{"line":115,"column":2},"end":{"line":122,"column":5}},"37":{"start":{"line":123,"column":2},"end":{"line":123,"column":47}},"38":{"start":{"line":124,"column":2},"end":{"line":124,"column":18}},"39":{"start":{"line":125,"column":2},"end":{"line":135,"column":3}},"40":{"start":{"line":126,"column":4},"end":{"line":134,"column":5}},"41":{"start":{"line":127,"column":6},"end":{"line":131,"column":9}},"42":{"start":{"line":142,"column":34},"end":{"line":142,"column":44}},"43":{"start":{"line":143,"column":15},"end":{"line":143,"column":29}},"44":{"start":{"line":144,"column":16},"end":{"line":144,"column":44}},"45":{"start":{"line":145,"column":22},"end":{"line":145,"column":79}},"46":{"start":{"line":145,"column":52},"end":{"line":145,"column":78}},"47":{"start":{"line":146,"column":2},"end":{"line":153,"column":3}},"48":{"start":{"line":147,"column":4},"end":{"line":151,"column":7}},"49":{"start":{"line":152,"column":4},"end":{"line":152,"column":48}},"50":{"start":{"line":154,"column":2},"end":{"line":161,"column":3}},"51":{"start":{"line":155,"column":4},"end":{"line":159,"column":7}},"52":{"start":{"line":160,"column":4},"end":{"line":160,"column":52}},"53":{"start":{"line":163,"column":4},"end":{"line":164,"column":65}},"54":{"start":{"line":165,"column":17},"end":{"line":170,"column":23}},"55":{"start":{"line":171,"column":20},"end":{"line":179,"column":null}},"56":{"start":{"line":181,"column":19},"end":{"line":181,"column":61}},"57":{"start":{"line":181,"column":41},"end":{"line":181,"column":60}},"58":{"start":{"line":182,"column":2},"end":{"line":189,"column":3}},"59":{"start":{"line":183,"column":4},"end":{"line":187,"column":7}},"60":{"start":{"line":188,"column":4},"end":{"line":188,"column":51}},"61":{"start":{"line":190,"column":13},"end":{"line":190,"column":78}},"62":{"start":{"line":191,"column":18},"end":{"line":191,"column":78}},"63":{"start":{"line":192,"column":2},"end":{"line":199,"column":5}},"64":{"start":{"line":200,"column":2},"end":{"line":233,"column":3}},"65":{"start":{"line":202,"column":19},"end":{"line":202,"column":36}},"66":{"start":{"line":203,"column":23},"end":{"line":203,"column":49}},"67":{"start":{"line":204,"column":4},"end":{"line":206,"column":5}},"68":{"start":{"line":205,"column":6},"end":{"line":205,"column":50}},"69":{"start":{"line":207,"column":4},"end":{"line":214,"column":7}},"70":{"start":{"line":215,"column":21},"end":{"line":215,"column":59}},"71":{"start":{"line":216,"column":4},"end":{"line":223,"column":7}},"72":{"start":{"line":224,"column":4},"end":{"line":224,"column":23}},"73":{"start":{"line":226,"column":16},"end":{"line":226,"column":64}},"74":{"start":{"line":227,"column":4},"end":{"line":231,"column":7}},"75":{"start":{"line":232,"column":4},"end":{"line":232,"column":30}}},"fnMap":{"0":{"name":"agentGetHandler","decl":{"start":{"line":19,"column":22},"end":{"line":19,"column":37}},"loc":{"start":{"line":21,"column":23},"end":{"line":36,"column":1}}},"1":{"name":"checkAuth","decl":{"start":{"line":38,"column":9},"end":{"line":38,"column":18}},"loc":{"start":{"line":38,"column":62},"end":{"line":46,"column":1}}},"2":{"name":"agentPostHandler","decl":{"start":{"line":48,"column":22},"end":{"line":48,"column":38}},"loc":{"start":{"line":50,"column":23},"end":{"line":136,"column":1}}},"3":{"name":"(anonymous_3)","decl":{"start":{"line":55,"column":45},"end":{"line":55,"column":46}},"loc":{"start":{"line":55,"column":52},"end":{"line":55,"column":78}}},"4":{"name":"toolPostHandler","decl":{"start":{"line":138,"column":22},"end":{"line":138,"column":37}},"loc":{"start":{"line":140,"column":23},"end":{"line":234,"column":1}}},"5":{"name":"(anonymous_5)","decl":{"start":{"line":145,"column":45},"end":{"line":145,"column":46}},"loc":{"start":{"line":145,"column":52},"end":{"line":145,"column":78}}},"6":{"name":"(anonymous_6)","decl":{"start":{"line":181,"column":34},"end":{"line":181,"column":35}},"loc":{"start":{"line":181,"column":41},"end":{"line":181,"column":60}}}},"branchMap":{"0":{"loc":{"start":{"line":43,"column":4},"end":{"line":44,"column":49}},"type":"binary-expr","locations":[{"start":{"line":43,"column":5},"end":{"line":43,"column":14}},{"start":{"line":43,"column":18},"end":{"line":43,"column":44}},{"start":{"line":44,"column":5},"end":{"line":44,"column":16}},{"start":{"line":44,"column":20},"end":{"line":44,"column":48}}]},"1":{"loc":{"start":{"line":53,"column":28},"end":{"line":53,"column":42}},"type":"binary-expr","locations":[{"start":{"line":53,"column":28},"end":{"line":53,"column":36}},{"start":{"line":53,"column":40},"end":{"line":53,"column":42}}]},"2":{"loc":{"start":{"line":56,"column":2},"end":{"line":63,"column":3}},"type":"if","locations":[{"start":{"line":56,"column":2},"end":{"line":63,"column":3}}]},"3":{"loc":{"start":{"line":64,"column":2},"end":{"line":71,"column":3}},"type":"if","locations":[{"start":{"line":64,"column":2},"end":{"line":71,"column":3}}]},"4":{"loc":{"start":{"line":72,"column":2},"end":{"line":79,"column":3}},"type":"if","locations":[{"start":{"line":72,"column":2},"end":{"line":79,"column":3}}]},"5":{"loc":{"start":{"line":80,"column":2},"end":{"line":87,"column":3}},"type":"if","locations":[{"start":{"line":80,"column":2},"end":{"line":87,"column":3}}]},"6":{"loc":{"start":{"line":88,"column":17},"end":{"line":88,"column":77}},"type":"binary-expr","locations":[{"start":{"line":88,"column":17},"end":{"line":88,"column":31}},{"start":{"line":88,"column":35},"end":{"line":88,"column":77}}]},"7":{"loc":{"start":{"line":114,"column":17},"end":{"line":114,"column":38}},"type":"binary-expr","locations":[{"start":{"line":114,"column":17},"end":{"line":114,"column":32}},{"start":{"line":114,"column":36},"end":{"line":114,"column":38}}]},"8":{"loc":{"start":{"line":125,"column":2},"end":{"line":135,"column":3}},"type":"if","locations":[{"start":{"line":125,"column":2},"end":{"line":135,"column":3}}]},"9":{"loc":{"start":{"line":143,"column":15},"end":{"line":143,"column":29}},"type":"binary-expr","locations":[{"start":{"line":143,"column":15},"end":{"line":143,"column":23}},{"start":{"line":143,"column":27},"end":{"line":143,"column":29}}]},"10":{"loc":{"start":{"line":146,"column":2},"end":{"line":153,"column":3}},"type":"if","locations":[{"start":{"line":146,"column":2},"end":{"line":153,"column":3}}]},"11":{"loc":{"start":{"line":154,"column":2},"end":{"line":161,"column":3}},"type":"if","locations":[{"start":{"line":154,"column":2},"end":{"line":161,"column":3}}]},"12":{"loc":{"start":{"line":163,"column":4},"end":{"line":164,"column":65}},"type":"binary-expr","locations":[{"start":{"line":163,"column":4},"end":{"line":163,"column":18}},{"start":{"line":164,"column":4},"end":{"line":164,"column":65}}]},"13":{"loc":{"start":{"line":182,"column":2},"end":{"line":189,"column":3}},"type":"if","locations":[{"start":{"line":182,"column":2},"end":{"line":189,"column":3}}]},"14":{"loc":{"start":{"line":191,"column":18},"end":{"line":191,"column":78}},"type":"cond-expr","locations":[{"start":{"line":191,"column":45},"end":{"line":191,"column":49}},{"start":{"line":191,"column":52},"end":{"line":191,"column":78}}]},"15":{"loc":{"start":{"line":191,"column":67},"end":{"line":191,"column":77}},"type":"binary-expr","locations":[{"start":{"line":191,"column":67},"end":{"line":191,"column":71}},{"start":{"line":191,"column":75},"end":{"line":191,"column":77}}]},"16":{"loc":{"start":{"line":204,"column":4},"end":{"line":206,"column":5}},"type":"if","locations":[{"start":{"line":204,"column":4},"end":{"line":206,"column":5}}]},"17":{"loc":{"start":{"line":215,"column":21},"end":{"line":215,"column":59}},"type":"binary-expr","locations":[{"start":{"line":215,"column":21},"end":{"line":215,"column":31}},{"start":{"line":215,"column":35},"end":{"line":215,"column":59}}]},"18":{"loc":{"start":{"line":226,"column":16},"end":{"line":226,"column":64}},"type":"cond-expr","locations":[{"start":{"line":226,"column":39},"end":{"line":226,"column":50}},{"start":{"line":226,"column":53},"end":{"line":226,"column":64}}]}},"s":{"0":1,"1":1,"2":1,"3":0,"4":0,"5":0,"6":0,"7":0,"8":3,"9":3,"10":3,"11":3,"12":3,"13":0,"14":0,"15":0,"16":0,"17":0,"18":0,"19":0,"20":0,"21":0,"22":0,"23":0,"24":0,"25":0,"26":0,"27":0,"28":0,"29":0,"30":0,"31":0,"32":0,"33":0,"34":0,"35":0,"36":0,"37":0,"38":0,"39":0,"40":0,"41":0,"42":3,"43":3,"44":3,"45":3,"46":3,"47":3,"48":1,"49":1,"50":2,"51":0,"52":0,"53":2,"54":2,"55":2,"56":2,"57":2,"58":2,"59":0,"60":0,"61":2,"62":2,"63":2,"64":2,"65":2,"66":2,"67":2,"68":2,"69":2,"70":2,"71":2,"72":2,"73":0,"74":0,"75":0},"f":{"0":0,"1":3,"2":0,"3":0,"4":3,"5":3,"6":2},"b":{"0":[3,2,2,2],"1":[0,0],"2":[0],"3":[0],"4":[0],"5":[0],"6":[0,0],"7":[0,0],"8":[0],"9":[3,0],"10":[1],"11":[0],"12":[2,2],"13":[0],"14":[0,2],"15":[2,0],"16":[2],"17":[2,0],"18":[0,0]}}
,"D:\\projects\\js\\telegram-functions-bot\\src\\mcp.ts": {"path":"D:\\projects\\js\\telegram-functions-bot\\src\\mcp.ts","statementMap":{"0":{"start":{"line":13,"column":40},"end":{"line":13,"column":42}},"1":{"start":{"line":36,"column":2},"end":{"line":39,"column":5}},"2":{"start":{"line":41,"column":26},"end":{"line":42,"column":null}},"3":{"start":{"line":42,"column":4},"end":{"line":42,"column":53}},"4":{"start":{"line":44,"column":27},"end":{"line":44,"column":70}},"5":{"start":{"line":45,"column":2},"end":{"line":45,"column":15}},"6":{"start":{"line":57,"column":2},"end":{"line":57,"column":39}},"7":{"start":{"line":57,"column":29},"end":{"line":57,"column":39}},"8":{"start":{"line":58,"column":27},"end":{"line":58,"column":29}},"9":{"start":{"line":60,"column":2},"end":{"line":87,"column":3}},"10":{"start":{"line":62,"column":26},"end":{"line":62,"column":50}},"11":{"start":{"line":64,"column":4},"end":{"line":78,"column":5}},"12":{"start":{"line":65,"column":6},"end":{"line":72,"column":8}},"13":{"start":{"line":66,"column":46},"end":{"line":71,"column":10}},"14":{"start":{"line":74,"column":6},"end":{"line":77,"column":9}},"15":{"start":{"line":75,"column":75},"end":{"line":75,"column":81}},"16":{"start":{"line":79,"column":4},"end":{"line":79,"column":28}},"17":{"start":{"line":80,"column":4},"end":{"line":80,"column":17}},"18":{"start":{"line":82,"column":4},"end":{"line":85,"column":7}},"19":{"start":{"line":86,"column":4},"end":{"line":86,"column":14}},"20":{"start":{"line":94,"column":20},"end":{"line":96,"column":4}},"21":{"start":{"line":99,"column":2},"end":{"line":107,"column":4}},"22":{"start":{"line":102,"column":6},"end":{"line":105,"column":9}},"23":{"start":{"line":109,"column":2},"end":{"line":132,"column":4}},"24":{"start":{"line":112,"column":6},"end":{"line":115,"column":9}},"25":{"start":{"line":116,"column":6},"end":{"line":130,"column":7}},"26":{"start":{"line":117,"column":32},"end":{"line":119,"column":null}},"27":{"start":{"line":121,"column":8},"end":{"line":124,"column":11}},"28":{"start":{"line":126,"column":8},"end":{"line":129,"column":11}},"29":{"start":{"line":134,"column":2},"end":{"line":134,"column":19}},"30":{"start":{"line":145,"column":2},"end":{"line":150,"column":6}},"31":{"start":{"line":146,"column":4},"end":{"line":150,"column":6}},"32":{"start":{"line":152,"column":17},"end":{"line":152,"column":62}},"33":{"start":{"line":155,"column":2},"end":{"line":182,"column":3}},"34":{"start":{"line":156,"column":4},"end":{"line":172,"column":5}},"35":{"start":{"line":158,"column":6},"end":{"line":158,"column":59}},"36":{"start":{"line":159,"column":11},"end":{"line":172,"column":5}},"37":{"start":{"line":160,"column":6},"end":{"line":169,"column":9}},"38":{"start":{"line":171,"column":6},"end":{"line":171,"column":65}},"39":{"start":{"line":174,"column":4},"end":{"line":174,"column":36}},"40":{"start":{"line":175,"column":4},"end":{"line":175,"column":46}},"41":{"start":{"line":177,"column":4},"end":{"line":180,"column":7}},"42":{"start":{"line":181,"column":4},"end":{"line":181,"column":53}},"43":{"start":{"line":193,"column":17},"end":{"line":193,"column":31}},"44":{"start":{"line":194,"column":2},"end":{"line":196,"column":3}},"45":{"start":{"line":195,"column":4},"end":{"line":195,"column":63}},"46":{"start":{"line":197,"column":2},"end":{"line":217,"column":3}},"47":{"start":{"line":198,"column":19},"end":{"line":201,"column":6}},"48":{"start":{"line":202,"column":4},"end":{"line":207,"column":6}},"49":{"start":{"line":210,"column":4},"end":{"line":214,"column":5}},"50":{"start":{"line":211,"column":6},"end":{"line":211,"column":60}},"51":{"start":{"line":213,"column":6},"end":{"line":213,"column":28}},"52":{"start":{"line":216,"column":4},"end":{"line":216,"column":53}}},"fnMap":{"0":{"name":"init","decl":{"start":{"line":33,"column":22},"end":{"line":33,"column":26}},"loc":{"start":{"line":34,"column":40},"end":{"line":46,"column":1}}},"1":{"name":"(anonymous_1)","decl":{"start":{"line":41,"column":54},"end":{"line":41,"column":55}},"loc":{"start":{"line":42,"column":4},"end":{"line":42,"column":53}}},"2":{"name":"getMcpTools","decl":{"start":{"line":48,"column":15},"end":{"line":48,"column":26}},"loc":{"start":{"line":56,"column":1},"end":{"line":88,"column":1}}},"3":{"name":"(anonymous_3)","decl":{"start":{"line":66,"column":35},"end":{"line":66,"column":36}},"loc":{"start":{"line":66,"column":46},"end":{"line":71,"column":10}}},"4":{"name":"(anonymous_4)","decl":{"start":{"line":75,"column":68},"end":{"line":75,"column":69}},"loc":{"start":{"line":75,"column":75},"end":{"line":75,"column":81}}},"5":{"name":"initSseMcp","decl":{"start":{"line":93,"column":9},"end":{"line":93,"column":19}},"loc":{"start":{"line":93,"column":68},"end":{"line":135,"column":1}}},"6":{"name":"(anonymous_6)","decl":{"start":{"line":101,"column":4},"end":{"line":101,"column":5}},"loc":{"start":{"line":101,"column":21},"end":{"line":106,"column":5}}},"7":{"name":"(anonymous_7)","decl":{"start":{"line":111,"column":4},"end":{"line":111,"column":9}},"loc":{"start":{"line":111,"column":15},"end":{"line":131,"column":5}}},"8":{"name":"connectMcp","decl":{"start":{"line":140,"column":15},"end":{"line":140,"column":25}},"loc":{"start":{"line":143,"column":33},"end":{"line":183,"column":1}}},"9":{"name":"callMcp","decl":{"start":{"line":188,"column":22},"end":{"line":188,"column":29}},"loc":{"start":{"line":191,"column":14},"end":{"line":218,"column":1}}}},"branchMap":{"0":{"loc":{"start":{"line":57,"column":2},"end":{"line":57,"column":39}},"type":"if","locations":[{"start":{"line":57,"column":2},"end":{"line":57,"column":39}}]},"1":{"loc":{"start":{"line":57,"column":6},"end":{"line":57,"column":27}},"type":"binary-expr","locations":[{"start":{"line":57,"column":6},"end":{"line":57,"column":16}},{"start":{"line":57,"column":20},"end":{"line":57,"column":27}}]},"2":{"loc":{"start":{"line":64,"column":4},"end":{"line":78,"column":5}},"type":"if","locations":[{"start":{"line":64,"column":4},"end":{"line":78,"column":5}}]},"3":{"loc":{"start":{"line":68,"column":23},"end":{"line":68,"column":45}},"type":"binary-expr","locations":[{"start":{"line":68,"column":23},"end":{"line":68,"column":39}},{"start":{"line":68,"column":43},"end":{"line":68,"column":45}}]},"4":{"loc":{"start":{"line":83,"column":47},"end":{"line":83,"column":101}},"type":"cond-expr","locations":[{"start":{"line":83,"column":72},"end":{"line":83,"column":85}},{"start":{"line":83,"column":88},"end":{"line":83,"column":101}}]},"5":{"loc":{"start":{"line":145,"column":2},"end":{"line":150,"column":6}},"type":"if","locations":[{"start":{"line":145,"column":2},"end":{"line":150,"column":6}}]},"6":{"loc":{"start":{"line":156,"column":4},"end":{"line":172,"column":5}},"type":"if","locations":[{"start":{"line":156,"column":4},"end":{"line":172,"column":5}},{"start":{"line":159,"column":11},"end":{"line":172,"column":5}}]},"7":{"loc":{"start":{"line":159,"column":11},"end":{"line":172,"column":5}},"type":"if","locations":[{"start":{"line":159,"column":11},"end":{"line":172,"column":5}},{"start":{"line":170,"column":11},"end":{"line":172,"column":5}}]},"8":{"loc":{"start":{"line":167,"column":43},"end":{"line":167,"column":73}},"type":"binary-expr","locations":[{"start":{"line":167,"column":43},"end":{"line":167,"column":67}},{"start":{"line":167,"column":71},"end":{"line":167,"column":73}}]},"9":{"loc":{"start":{"line":194,"column":2},"end":{"line":196,"column":3}},"type":"if","locations":[{"start":{"line":194,"column":2},"end":{"line":196,"column":3}}]},"10":{"loc":{"start":{"line":204,"column":8},"end":{"line":206,"column":42}},"type":"cond-expr","locations":[{"start":{"line":205,"column":12},"end":{"line":205,"column":26}},{"start":{"line":206,"column":12},"end":{"line":206,"column":42}}]},"11":{"loc":{"start":{"line":210,"column":4},"end":{"line":214,"column":5}},"type":"if","locations":[{"start":{"line":210,"column":4},"end":{"line":214,"column":5}},{"start":{"line":212,"column":11},"end":{"line":214,"column":5}}]},"12":{"loc":{"start":{"line":210,"column":8},"end":{"line":210,"column":67}},"type":"binary-expr","locations":[{"start":{"line":210,"column":8},"end":{"line":210,"column":31}},{"start":{"line":210,"column":35},"end":{"line":210,"column":47}},{"start":{"line":210,"column":51},"end":{"line":210,"column":67}}]},"13":{"loc":{"start":{"line":211,"column":17},"end":{"line":211,"column":59}},"type":"binary-expr","locations":[{"start":{"line":211,"column":17},"end":{"line":211,"column":53}},{"start":{"line":211,"column":57},"end":{"line":211,"column":59}}]}},"s":{"0":4,"1":0,"2":0,"3":0,"4":0,"5":0,"6":0,"7":0,"8":0,"9":0,"10":0,"11":0,"12":0,"13":0,"14":0,"15":0,"16":0,"17":0,"18":0,"19":0,"20":0,"21":0,"22":0,"23":0,"24":0,"25":0,"26":0,"27":0,"28":0,"29":0,"30":0,"31":0,"32":0,"33":0,"34":0,"35":0,"36":0,"37":0,"38":0,"39":0,"40":0,"41":0,"42":0,"43":0,"44":0,"45":0,"46":0,"47":0,"48":0,"49":0,"50":0,"51":0,"52":0},"f":{"0":0,"1":0,"2":0,"3":0,"4":0,"5":0,"6":0,"7":0,"8":0,"9":0},"b":{"0":[0],"1":[0,0],"2":[0],"3":[0,0],"4":[0,0],"5":[0],"6":[0,0],"7":[0,0],"8":[0,0],"9":[0],"10":[0,0],"11":[0,0],"12":[0,0,0],"13":[0,0]}}
,"D:\\projects\\js\\telegram-functions-bot\\src\\mqtt.ts": {"path":"D:\\projects\\js\\telegram-functions-bot\\src\\mqtt.ts","statementMap":{"0":{"start":{"line":6,"column":22},"end":{"line":6,"column":37}},"1":{"start":{"line":10,"column":2},"end":{"line":10,"column":28}},"2":{"start":{"line":10,"column":14},"end":{"line":10,"column":28}},"3":{"start":{"line":11,"column":14},"end":{"line":11,"column":30}},"4":{"start":{"line":12,"column":2},"end":{"line":12,"column":19}},"5":{"start":{"line":12,"column":12},"end":{"line":12,"column":19}},"6":{"start":{"line":13,"column":2},"end":{"line":18,"column":5}},"7":{"start":{"line":19,"column":2},"end":{"line":22,"column":5}},"8":{"start":{"line":20,"column":4},"end":{"line":20,"column":59}},"9":{"start":{"line":21,"column":4},"end":{"line":21,"column":39}},"10":{"start":{"line":23,"column":2},"end":{"line":25,"column":5}},"11":{"start":{"line":24,"column":4},"end":{"line":24,"column":57}},"12":{"start":{"line":26,"column":2},"end":{"line":44,"column":5}},"13":{"start":{"line":27,"column":4},"end":{"line":27,"column":24}},"14":{"start":{"line":27,"column":17},"end":{"line":27,"column":24}},"15":{"start":{"line":28,"column":18},"end":{"line":28,"column":62}},"16":{"start":{"line":29,"column":17},"end":{"line":29,"column":35}},"17":{"start":{"line":30,"column":4},"end":{"line":34,"column":7}},"18":{"start":{"line":35,"column":19},"end":{"line":36,"column":null}},"19":{"start":{"line":36,"column":6},"end":{"line":36,"column":37}},"20":{"start":{"line":38,"column":4},"end":{"line":38,"column":58}},"21":{"start":{"line":39,"column":4},"end":{"line":43,"column":7}},"22":{"start":{"line":45,"column":2},"end":{"line":45,"column":16}},"23":{"start":{"line":49,"column":14},"end":{"line":49,"column":30}},"24":{"start":{"line":50,"column":2},"end":{"line":50,"column":19}},"25":{"start":{"line":50,"column":12},"end":{"line":50,"column":19}},"26":{"start":{"line":51,"column":2},"end":{"line":51,"column":21}},"27":{"start":{"line":51,"column":14},"end":{"line":51,"column":21}},"28":{"start":{"line":52,"column":2},"end":{"line":52,"column":56}}},"fnMap":{"0":{"name":"useMqtt","decl":{"start":{"line":9,"column":16},"end":{"line":9,"column":23}},"loc":{"start":{"line":9,"column":23},"end":{"line":46,"column":1}}},"1":{"name":"(anonymous_1)","decl":{"start":{"line":19,"column":23},"end":{"line":19,"column":26}},"loc":{"start":{"line":19,"column":28},"end":{"line":22,"column":3}}},"2":{"name":"(anonymous_2)","decl":{"start":{"line":23,"column":23},"end":{"line":23,"column":26}},"loc":{"start":{"line":23,"column":28},"end":{"line":25,"column":3}}},"3":{"name":"(anonymous_3)","decl":{"start":{"line":26,"column":23},"end":{"line":26,"column":28}},"loc":{"start":{"line":26,"column":48},"end":{"line":44,"column":3}}},"4":{"name":"(anonymous_4)","decl":{"start":{"line":35,"column":47},"end":{"line":35,"column":48}},"loc":{"start":{"line":36,"column":6},"end":{"line":36,"column":37}}},"5":{"name":"publishMqttProgress","decl":{"start":{"line":48,"column":16},"end":{"line":48,"column":35}},"loc":{"start":{"line":48,"column":63},"end":{"line":53,"column":1}}}},"branchMap":{"0":{"loc":{"start":{"line":10,"column":2},"end":{"line":10,"column":28}},"type":"if","locations":[{"start":{"line":10,"column":2},"end":{"line":10,"column":28}}]},"1":{"loc":{"start":{"line":12,"column":2},"end":{"line":12,"column":19}},"type":"if","locations":[{"start":{"line":12,"column":2},"end":{"line":12,"column":19}}]},"2":{"loc":{"start":{"line":14,"column":10},"end":{"line":14,"column":33}},"type":"binary-expr","locations":[{"start":{"line":14,"column":10},"end":{"line":14,"column":18}},{"start":{"line":14,"column":22},"end":{"line":14,"column":33}}]},"3":{"loc":{"start":{"line":15,"column":10},"end":{"line":15,"column":26}},"type":"binary-expr","locations":[{"start":{"line":15,"column":10},"end":{"line":15,"column":18}},{"start":{"line":15,"column":22},"end":{"line":15,"column":26}}]},"4":{"loc":{"start":{"line":27,"column":4},"end":{"line":27,"column":24}},"type":"if","locations":[{"start":{"line":27,"column":4},"end":{"line":27,"column":24}}]},"5":{"loc":{"start":{"line":50,"column":2},"end":{"line":50,"column":19}},"type":"if","locations":[{"start":{"line":50,"column":2},"end":{"line":50,"column":19}}]},"6":{"loc":{"start":{"line":51,"column":2},"end":{"line":51,"column":21}},"type":"if","locations":[{"start":{"line":51,"column":2},"end":{"line":51,"column":21}}]}},"s":{"0":4,"1":0,"2":0,"3":0,"4":0,"5":0,"6":0,"7":0,"8":0,"9":0,"10":0,"11":0,"12":0,"13":0,"14":0,"15":0,"16":0,"17":0,"18":0,"19":0,"20":0,"21":0,"22":0,"23":0,"24":0,"25":0,"26":0,"27":0,"28":0},"f":{"0":0,"1":0,"2":0,"3":0,"4":0,"5":0},"b":{"0":[0],"1":[0],"2":[0,0],"3":[0,0],"4":[0],"5":[0],"6":[0]}}
,"D:\\projects\\js\\telegram-functions-bot\\src\\threads.ts": {"path":"D:\\projects\\js\\telegram-functions-bot\\src\\threads.ts","statementMap":{"0":{"start":{"line":3,"column":16},"end":{"line":3,"column":56}},"1":{"start":{"line":6,"column":2},"end":{"line":6,"column":17}}},"fnMap":{"0":{"name":"useThreads","decl":{"start":{"line":5,"column":16},"end":{"line":5,"column":26}},"loc":{"start":{"line":5,"column":26},"end":{"line":7,"column":1}}}},"branchMap":{},"s":{"0":9,"1":2},"f":{"0":2},"b":{}}
,"D:\\projects\\js\\telegram-functions-bot\\src\\handlers\\access.ts": {"path":"D:\\projects\\js\\telegram-functions-bot\\src\\handlers\\access.ts","statementMap":{"0":{"start":{"line":14,"column":24},"end":{"line":14,"column":42}},"1":{"start":{"line":15,"column":2},"end":{"line":18,"column":3}},"2":{"start":{"line":16,"column":4},"end":{"line":16,"column":43}},"3":{"start":{"line":17,"column":4},"end":{"line":17,"column":11}},"4":{"start":{"line":20,"column":21},"end":{"line":20,"column":70}},"5":{"start":{"line":21,"column":17},"end":{"line":21,"column":28}},"6":{"start":{"line":22,"column":20},"end":{"line":22,"column":47}},"7":{"start":{"line":24,"column":2},"end":{"line":43,"column":3}},"8":{"start":{"line":25,"column":4},"end":{"line":30,"column":7}},"9":{"start":{"line":31,"column":17},"end":{"line":33,"column":103}},"10":{"start":{"line":34,"column":19},"end":{"line":40,"column":17}},"11":{"start":{"line":41,"column":4},"end":{"line":41,"column":62}},"12":{"start":{"line":42,"column":4},"end":{"line":42,"column":11}},"13":{"start":{"line":45,"column":2},"end":{"line":47,"column":3}},"14":{"start":{"line":46,"column":4},"end":{"line":46,"column":17}},"15":{"start":{"line":49,"column":2},"end":{"line":49,"column":23}},"16":{"start":{"line":56,"column":2},"end":{"line":56,"column":32}},"17":{"start":{"line":56,"column":20},"end":{"line":56,"column":32}},"18":{"start":{"line":57,"column":18},"end":{"line":57,"column":55}},"19":{"start":{"line":58,"column":18},"end":{"line":58,"column":23}},"20":{"start":{"line":59,"column":20},"end":{"line":59,"column":47}},"21":{"start":{"line":61,"column":5},"end":{"line":63,"column":6}},"22":{"start":{"line":65,"column":2},"end":{"line":75,"column":3}},"23":{"start":{"line":70,"column":4},"end":{"line":73,"column":19}},"24":{"start":{"line":73,"column":6},"end":{"line":73,"column":19}},"25":{"start":{"line":74,"column":4},"end":{"line":74,"column":21}},"26":{"start":{"line":77,"column":2},"end":{"line":85,"column":3}},"27":{"start":{"line":78,"column":15},"end":{"line":78,"column":49}},"28":{"start":{"line":79,"column":18},"end":{"line":79,"column":31}},"29":{"start":{"line":80,"column":4},"end":{"line":84,"column":5}},"30":{"start":{"line":81,"column":22},"end":{"line":81,"column":52}},"31":{"start":{"line":82,"column":6},"end":{"line":82,"column":37}},"32":{"start":{"line":83,"column":6},"end":{"line":83,"column":35}},"33":{"start":{"line":83,"column":22},"end":{"line":83,"column":35}},"34":{"start":{"line":87,"column":2},"end":{"line":87,"column":14}}},"fnMap":{"0":{"name":"checkAccessLevel","decl":{"start":{"line":9,"column":30},"end":{"line":9,"column":46}},"loc":{"start":{"line":10,"column":14},"end":{"line":50,"column":1}}},"1":{"name":"isMentioned","decl":{"start":{"line":52,"column":16},"end":{"line":52,"column":27}},"loc":{"start":{"line":54,"column":22},"end":{"line":88,"column":1}}}},"branchMap":{"0":{"loc":{"start":{"line":15,"column":2},"end":{"line":18,"column":3}},"type":"if","locations":[{"start":{"line":15,"column":2},"end":{"line":18,"column":3}}]},"1":{"loc":{"start":{"line":20,"column":21},"end":{"line":20,"column":70}},"type":"binary-expr","locations":[{"start":{"line":20,"column":21},"end":{"line":20,"column":64}},{"start":{"line":20,"column":68},"end":{"line":20,"column":70}}]},"2":{"loc":{"start":{"line":24,"column":2},"end":{"line":43,"column":3}},"type":"if","locations":[{"start":{"line":24,"column":2},"end":{"line":43,"column":3}}]},"3":{"loc":{"start":{"line":31,"column":17},"end":{"line":33,"column":103}},"type":"cond-expr","locations":[{"start":{"line":32,"column":8},"end":{"line":32,"column":72}},{"start":{"line":33,"column":8},"end":{"line":33,"column":103}}]},"4":{"loc":{"start":{"line":34,"column":19},"end":{"line":40,"column":17}},"type":"cond-expr","locations":[{"start":{"line":35,"column":8},"end":{"line":39,"column":null}},{"start":{"line":40,"column":8},"end":{"line":40,"column":17}}]},"5":{"loc":{"start":{"line":45,"column":2},"end":{"line":47,"column":3}},"type":"if","locations":[{"start":{"line":45,"column":2},"end":{"line":47,"column":3}}]},"6":{"loc":{"start":{"line":56,"column":2},"end":{"line":56,"column":32}},"type":"if","locations":[{"start":{"line":56,"column":2},"end":{"line":56,"column":32}}]},"7":{"loc":{"start":{"line":57,"column":18},"end":{"line":57,"column":55}},"type":"binary-expr","locations":[{"start":{"line":57,"column":18},"end":{"line":57,"column":31}},{"start":{"line":57,"column":35},"end":{"line":57,"column":55}}]},"8":{"loc":{"start":{"line":61,"column":5},"end":{"line":63,"column":6}},"type":"binary-expr","locations":[{"start":{"line":61,"column":5},"end":{"line":61,"column":37}},{"start":{"line":62,"column":5},"end":{"line":62,"column":41}},{"start":{"line":63,"column":4},"end":{"line":63,"column":6}}]},"9":{"loc":{"start":{"line":65,"column":2},"end":{"line":75,"column":3}},"type":"if","locations":[{"start":{"line":65,"column":2},"end":{"line":75,"column":3}}]},"10":{"loc":{"start":{"line":66,"column":4},"end":{"line":68,"column":66}},"type":"binary-expr","locations":[{"start":{"line":66,"column":4},"end":{"line":66,"column":24}},{"start":{"line":67,"column":4},"end":{"line":68,"column":66}}]},"11":{"loc":{"start":{"line":70,"column":4},"end":{"line":73,"column":19}},"type":"if","locations":[{"start":{"line":70,"column":4},"end":{"line":73,"column":19}}]},"12":{"loc":{"start":{"line":77,"column":2},"end":{"line":85,"column":3}},"type":"if","locations":[{"start":{"line":77,"column":2},"end":{"line":85,"column":3}}]},"13":{"loc":{"start":{"line":77,"column":6},"end":{"line":77,"column":30}},"type":"binary-expr","locations":[{"start":{"line":77,"column":6},"end":{"line":77,"column":16}},{"start":{"line":77,"column":20},"end":{"line":77,"column":30}}]},"14":{"loc":{"start":{"line":80,"column":4},"end":{"line":84,"column":5}},"type":"if","locations":[{"start":{"line":80,"column":4},"end":{"line":84,"column":5}}]},"15":{"loc":{"start":{"line":83,"column":6},"end":{"line":83,"column":35}},"type":"if","locations":[{"start":{"line":83,"column":6},"end":{"line":83,"column":35}}]}},"s":{"0":3,"1":3,"2":0,"3":0,"4":3,"5":3,"6":3,"7":3,"8":1,"9":1,"10":1,"11":1,"12":1,"13":2,"14":1,"15":1,"16":2,"17":1,"18":1,"19":1,"20":1,"21":1,"22":1,"23":0,"24":0,"25":0,"26":1,"27":1,"28":1,"29":1,"30":1,"31":1,"32":1,"33":1,"34":0},"f":{"0":3,"1":2},"b":{"0":[0],"1":[3,3],"2":[1],"3":[1,0],"4":[0,1],"5":[1],"6":[1],"7":[1,1],"8":[1,0,0],"9":[0],"10":[1,0],"11":[0],"12":[1],"13":[1,1],"14":[1],"15":[1]}}
,"D:\\projects\\js\\telegram-functions-bot\\src\\handlers\\onAudio.ts": {"path":"D:\\projects\\js\\telegram-functions-bot\\src\\handlers\\onAudio.ts","statementMap":{"0":{"start":{"line":13,"column":0},"end":{"line":13,"column":25}},"1":{"start":{"line":39,"column":15},"end":{"line":39,"column":60}},"2":{"start":{"line":40,"column":18},"end":{"line":40,"column":54}},"3":{"start":{"line":41,"column":31},"end":{"line":41,"column":35}},"4":{"start":{"line":43,"column":2},"end":{"line":116,"column":3}},"5":{"start":{"line":44,"column":21},"end":{"line":44,"column":43}},"6":{"start":{"line":45,"column":4},"end":{"line":47,"column":5}},"7":{"start":{"line":46,"column":6},"end":{"line":46,"column":64}},"8":{"start":{"line":48,"column":24},"end":{"line":48,"column":52}},"9":{"start":{"line":49,"column":4},"end":{"line":49,"column":67}},"10":{"start":{"line":51,"column":4},"end":{"line":51,"column":42}},"11":{"start":{"line":52,"column":17},"end":{"line":52,"column":52}},"12":{"start":{"line":54,"column":4},"end":{"line":62,"column":5}},"13":{"start":{"line":55,"column":6},"end":{"line":60,"column":8}},"14":{"start":{"line":61,"column":6},"end":{"line":61,"column":13}},"15":{"start":{"line":65,"column":6},"end":{"line":76,"column":8}},"16":{"start":{"line":68,"column":10},"end":{"line":72,"column":11}},"17":{"start":{"line":69,"column":12},"end":{"line":69,"column":30}},"18":{"start":{"line":71,"column":12},"end":{"line":71,"column":32}},"19":{"start":{"line":78,"column":4},"end":{"line":86,"column":5}},"20":{"start":{"line":79,"column":6},"end":{"line":84,"column":8}},"21":{"start":{"line":85,"column":6},"end":{"line":85,"column":13}},"22":{"start":{"line":88,"column":4},"end":{"line":88,"column":60}},"23":{"start":{"line":90,"column":20},"end":{"line":90,"column":44}},"24":{"start":{"line":91,"column":19},"end":{"line":99,"column":43}},"25":{"start":{"line":100,"column":4},"end":{"line":100,"column":32}},"26":{"start":{"line":102,"column":4},"end":{"line":102,"column":52}},"27":{"start":{"line":103,"column":4},"end":{"line":108,"column":6}},"28":{"start":{"line":110,"column":4},"end":{"line":115,"column":5}},"29":{"start":{"line":111,"column":6},"end":{"line":111,"column":57}},"30":{"start":{"line":111,"column":34},"end":{"line":111,"column":57}},"31":{"start":{"line":112,"column":6},"end":{"line":112,"column":68}},"32":{"start":{"line":112,"column":45},"end":{"line":112,"column":68}},"33":{"start":{"line":114,"column":6},"end":{"line":114,"column":72}},"34":{"start":{"line":120,"column":17},"end":{"line":120,"column":29}},"35":{"start":{"line":121,"column":2},"end":{"line":121,"column":22}},"36":{"start":{"line":121,"column":15},"end":{"line":121,"column":22}},"37":{"start":{"line":123,"column":17},"end":{"line":123,"column":44}},"38":{"start":{"line":124,"column":2},"end":{"line":124,"column":22}},"39":{"start":{"line":124,"column":15},"end":{"line":124,"column":22}},"40":{"start":{"line":125,"column":29},"end":{"line":125,"column":35}},"41":{"start":{"line":127,"column":2},"end":{"line":135,"column":3}},"42":{"start":{"line":128,"column":4},"end":{"line":133,"column":6}},"43":{"start":{"line":134,"column":4},"end":{"line":134,"column":11}},"44":{"start":{"line":136,"column":14},"end":{"line":136,"column":null}},"45":{"start":{"line":139,"column":20},"end":{"line":139,"column":73}},"46":{"start":{"line":141,"column":5},"end":{"line":141,"column":78}},"47":{"start":{"line":142,"column":2},"end":{"line":142,"column":21}},"48":{"start":{"line":142,"column":14},"end":{"line":142,"column":21}},"49":{"start":{"line":144,"column":2},"end":{"line":149,"column":5}},"50":{"start":{"line":151,"column":2},"end":{"line":153,"column":4}},"51":{"start":{"line":152,"column":4},"end":{"line":152,"column":36}}},"fnMap":{"0":{"name":"processAudio","decl":{"start":{"line":34,"column":15},"end":{"line":34,"column":27}},"loc":{"start":{"line":37,"column":16},"end":{"line":117,"column":1}}},"1":{"name":"(anonymous_1)","decl":{"start":{"line":67,"column":14},"end":{"line":67,"column":15}},"loc":{"start":{"line":67,"column":26},"end":{"line":73,"column":9}}},"2":{"name":"onAudio","decl":{"start":{"line":119,"column":30},"end":{"line":119,"column":37}},"loc":{"start":{"line":119,"column":76},"end":{"line":154,"column":1}}},"3":{"name":"(anonymous_3)","decl":{"start":{"line":151,"column":43},"end":{"line":151,"column":48}},"loc":{"start":{"line":152,"column":4},"end":{"line":152,"column":36}}}},"branchMap":{"0":{"loc":{"start":{"line":45,"column":4},"end":{"line":47,"column":5}},"type":"if","locations":[{"start":{"line":45,"column":4},"end":{"line":47,"column":5}}]},"1":{"loc":{"start":{"line":54,"column":4},"end":{"line":62,"column":5}},"type":"if","locations":[{"start":{"line":54,"column":4},"end":{"line":62,"column":5}}]},"2":{"loc":{"start":{"line":65,"column":6},"end":{"line":76,"column":8}},"type":"binary-expr","locations":[{"start":{"line":65,"column":6},"end":{"line":65,"column":14}},{"start":{"line":66,"column":6},"end":{"line":75,"column":18}},{"start":{"line":76,"column":6},"end":{"line":76,"column":8}}]},"3":{"loc":{"start":{"line":68,"column":10},"end":{"line":72,"column":11}},"type":"if","locations":[{"start":{"line":68,"column":10},"end":{"line":72,"column":11}},{"start":{"line":70,"column":17},"end":{"line":72,"column":11}}]},"4":{"loc":{"start":{"line":78,"column":4},"end":{"line":86,"column":5}},"type":"if","locations":[{"start":{"line":78,"column":4},"end":{"line":86,"column":5}}]},"5":{"loc":{"start":{"line":111,"column":6},"end":{"line":111,"column":57}},"type":"if","locations":[{"start":{"line":111,"column":6},"end":{"line":111,"column":57}}]},"6":{"loc":{"start":{"line":112,"column":6},"end":{"line":112,"column":68}},"type":"if","locations":[{"start":{"line":112,"column":6},"end":{"line":112,"column":68}}]},"7":{"loc":{"start":{"line":112,"column":10},"end":{"line":112,"column":43}},"type":"binary-expr","locations":[{"start":{"line":112,"column":10},"end":{"line":112,"column":17}},{"start":{"line":112,"column":21},"end":{"line":112,"column":43}}]},"8":{"loc":{"start":{"line":121,"column":2},"end":{"line":121,"column":22}},"type":"if","locations":[{"start":{"line":121,"column":2},"end":{"line":121,"column":22}}]},"9":{"loc":{"start":{"line":124,"column":2},"end":{"line":124,"column":22}},"type":"if","locations":[{"start":{"line":124,"column":2},"end":{"line":124,"column":22}}]},"10":{"loc":{"start":{"line":127,"column":2},"end":{"line":135,"column":3}},"type":"if","locations":[{"start":{"line":127,"column":2},"end":{"line":135,"column":3}}]},"11":{"loc":{"start":{"line":139,"column":20},"end":{"line":139,"column":73}},"type":"cond-expr","locations":[{"start":{"line":139,"column":42},"end":{"line":139,"column":56}},{"start":{"line":139,"column":59},"end":{"line":139,"column":73}}]},"12":{"loc":{"start":{"line":141,"column":5},"end":{"line":141,"column":78}},"type":"binary-expr","locations":[{"start":{"line":141,"column":5},"end":{"line":141,"column":39}},{"start":{"line":141,"column":44},"end":{"line":141,"column":78}}]},"13":{"loc":{"start":{"line":142,"column":2},"end":{"line":142,"column":21}},"type":"if","locations":[{"start":{"line":142,"column":2},"end":{"line":142,"column":21}}]},"14":{"loc":{"start":{"line":145,"column":20},"end":{"line":145,"column":37}},"type":"binary-expr","locations":[{"start":{"line":145,"column":20},"end":{"line":145,"column":31}},{"start":{"line":145,"column":35},"end":{"line":145,"column":37}}]}},"s":{"0":1,"1":0,"2":0,"3":0,"4":0,"5":0,"6":0,"7":0,"8":0,"9":0,"10":0,"11":0,"12":0,"13":0,"14":0,"15":0,"16":0,"17":0,"18":0,"19":0,"20":0,"21":0,"22":0,"23":0,"24":0,"25":0,"26":0,"27":0,"28":0,"29":0,"30":0,"31":0,"32":0,"33":0,"34":1,"35":1,"36":0,"37":1,"38":1,"39":1,"40":0,"41":0,"42":0,"43":0,"44":0,"45":0,"46":0,"47":0,"48":0,"49":0,"50":0,"51":0},"f":{"0":0,"1":0,"2":1,"3":0},"b":{"0":[0],"1":[0],"2":[0,0,0],"3":[0,0],"4":[0],"5":[0],"6":[0],"7":[0,0],"8":[0],"9":[1],"10":[0],"11":[0,0],"12":[0,0],"13":[0],"14":[0,0]}}
,"D:\\projects\\js\\telegram-functions-bot\\src\\handlers\\onPhoto.ts": {"path":"D:\\projects\\js\\telegram-functions-bot\\src\\handlers\\onPhoto.ts","statementMap":{"0":{"start":{"line":12,"column":2},"end":{"line":12,"column":29}},"1":{"start":{"line":16,"column":2},"end":{"line":18,"column":3}},"2":{"start":{"line":17,"column":4},"end":{"line":17,"column":11}},"3":{"start":{"line":20,"column":17},"end":{"line":20,"column":44}},"4":{"start":{"line":21,"column":2},"end":{"line":21,"column":22}},"5":{"start":{"line":21,"column":15},"end":{"line":21,"column":22}},"6":{"start":{"line":23,"column":35},"end":{"line":23,"column":41}},"7":{"start":{"line":24,"column":14},"end":{"line":24,"column":58}},"8":{"start":{"line":25,"column":2},"end":{"line":25,"column":33}},"9":{"start":{"line":25,"column":26},"end":{"line":25,"column":33}},"10":{"start":{"line":26,"column":20},"end":{"line":26,"column":73}},"11":{"start":{"line":27,"column":2},"end":{"line":33,"column":5}},"12":{"start":{"line":35,"column":17},"end":{"line":35,"column":28}},"13":{"start":{"line":36,"column":16},"end":{"line":36,"column":43}},"14":{"start":{"line":37,"column":2},"end":{"line":41,"column":6}},"15":{"start":{"line":38,"column":4},"end":{"line":41,"column":6}},"16":{"start":{"line":44,"column":23},"end":{"line":75,"column":3}},"17":{"start":{"line":45,"column":17},"end":{"line":45,"column":52}},"18":{"start":{"line":46,"column":20},"end":{"line":46,"column":57}},"19":{"start":{"line":48,"column":4},"end":{"line":54,"column":7}},"20":{"start":{"line":57,"column":19},"end":{"line":61,"column":15}},"21":{"start":{"line":64,"column":34},"end":{"line":72,"column":6}},"22":{"start":{"line":74,"column":4},"end":{"line":74,"column":47}},"23":{"start":{"line":78,"column":2},"end":{"line":78,"column":63}}},"fnMap":{"0":{"name":"isMessageUpdate","decl":{"start":{"line":11,"column":9},"end":{"line":11,"column":24}},"loc":{"start":{"line":11,"column":39},"end":{"line":13,"column":1}}},"1":{"name":"onPhoto","decl":{"start":{"line":15,"column":30},"end":{"line":15,"column":37}},"loc":{"start":{"line":15,"column":50},"end":{"line":79,"column":1}}},"2":{"name":"(anonymous_2)","decl":{"start":{"line":44,"column":23},"end":{"line":44,"column":28}},"loc":{"start":{"line":44,"column":34},"end":{"line":75,"column":3}}}},"branchMap":{"0":{"loc":{"start":{"line":16,"column":2},"end":{"line":18,"column":3}},"type":"if","locations":[{"start":{"line":16,"column":2},"end":{"line":18,"column":3}}]},"1":{"loc":{"start":{"line":16,"column":6},"end":{"line":16,"column":64}},"type":"binary-expr","locations":[{"start":{"line":16,"column":6},"end":{"line":16,"column":32}},{"start":{"line":16,"column":36},"end":{"line":16,"column":64}}]},"2":{"loc":{"start":{"line":21,"column":2},"end":{"line":21,"column":22}},"type":"if","locations":[{"start":{"line":21,"column":2},"end":{"line":21,"column":22}}]},"3":{"loc":{"start":{"line":25,"column":2},"end":{"line":25,"column":33}},"type":"if","locations":[{"start":{"line":25,"column":2},"end":{"line":25,"column":33}}]},"4":{"loc":{"start":{"line":26,"column":20},"end":{"line":26,"column":73}},"type":"cond-expr","locations":[{"start":{"line":26,"column":42},"end":{"line":26,"column":56}},{"start":{"line":26,"column":59},"end":{"line":26,"column":73}}]},"5":{"loc":{"start":{"line":28,"column":20},"end":{"line":28,"column":37}},"type":"binary-expr","locations":[{"start":{"line":28,"column":20},"end":{"line":28,"column":31}},{"start":{"line":28,"column":35},"end":{"line":28,"column":37}}]},"6":{"loc":{"start":{"line":36,"column":16},"end":{"line":36,"column":43}},"type":"binary-expr","locations":[{"start":{"line":36,"column":16},"end":{"line":36,"column":37}},{"start":{"line":36,"column":41},"end":{"line":36,"column":43}}]},"7":{"loc":{"start":{"line":37,"column":2},"end":{"line":41,"column":6}},"type":"if","locations":[{"start":{"line":37,"column":2},"end":{"line":41,"column":6}}]},"8":{"loc":{"start":{"line":46,"column":20},"end":{"line":46,"column":57}},"type":"cond-expr","locations":[{"start":{"line":46,"column":34},"end":{"line":46,"column":52}},{"start":{"line":46,"column":55},"end":{"line":46,"column":57}}]}},"s":{"0":1,"1":1,"2":0,"3":1,"4":1,"5":1,"6":0,"7":0,"8":0,"9":0,"10":0,"11":0,"12":0,"13":0,"14":0,"15":0,"16":0,"17":0,"18":0,"19":0,"20":0,"21":0,"22":0,"23":0},"f":{"0":1,"1":1,"2":0},"b":{"0":[0],"1":[1,1],"2":[1],"3":[0],"4":[0,0],"5":[0,0],"6":[0,0],"7":[0],"8":[0,0]}}
,"D:\\projects\\js\\telegram-functions-bot\\src\\handlers\\onTextMessage.ts": {"path":"D:\\projects\\js\\telegram-functions-bot\\src\\handlers\\onTextMessage.ts","statementMap":{"0":{"start":{"line":24,"column":18},"end":{"line":24,"column":30}},"1":{"start":{"line":25,"column":2},"end":{"line":25,"column":18}},"2":{"start":{"line":27,"column":17},"end":{"line":27,"column":44}},"3":{"start":{"line":28,"column":2},"end":{"line":28,"column":22}},"4":{"start":{"line":28,"column":15},"end":{"line":28,"column":22}},"5":{"start":{"line":29,"column":24},"end":{"line":29,"column":30}},"6":{"start":{"line":31,"column":20},"end":{"line":31,"column":69}},"7":{"start":{"line":32,"column":17},"end":{"line":32,"column":28}},"8":{"start":{"line":34,"column":2},"end":{"line":41,"column":5}},"9":{"start":{"line":43,"column":2},"end":{"line":47,"column":5}},"10":{"start":{"line":48,"column":17},"end":{"line":48,"column":37}},"11":{"start":{"line":49,"column":2},"end":{"line":49,"column":36}},"12":{"start":{"line":51,"column":29},"end":{"line":53,"column":8}},"13":{"start":{"line":55,"column":25},"end":{"line":60,"column":null}},"14":{"start":{"line":62,"column":2},"end":{"line":62,"column":44}},"15":{"start":{"line":62,"column":22},"end":{"line":62,"column":44}},"16":{"start":{"line":65,"column":24},"end":{"line":65,"column":46}},"17":{"start":{"line":68,"column":26},"end":{"line":68,"column":31}},"18":{"start":{"line":69,"column":26},"end":{"line":69,"column":77}},"19":{"start":{"line":72,"column":16},"end":{"line":87,"column":10}},"20":{"start":{"line":73,"column":4},"end":{"line":73,"column":34}},"21":{"start":{"line":73,"column":27},"end":{"line":73,"column":34}},"22":{"start":{"line":76,"column":4},"end":{"line":86,"column":5}},"23":{"start":{"line":77,"column":6},"end":{"line":77,"column":31}},"24":{"start":{"line":78,"column":22},"end":{"line":78,"column":43}},"25":{"start":{"line":79,"column":6},"end":{"line":81,"column":7}},"26":{"start":{"line":80,"column":8},"end":{"line":80,"column":32}},"27":{"start":{"line":85,"column":6},"end":{"line":85,"column":38}},"28":{"start":{"line":90,"column":2},"end":{"line":92,"column":5}},"29":{"start":{"line":91,"column":4},"end":{"line":91,"column":24}},"30":{"start":
[...]
,"D:\\projects\\js\\telegram-functions-bot\\src\\telegram\\send.ts": {"path":"D:\\projects\\js\\telegram-functions-bot\\src\\telegram\\send.ts","statementMap":{"0":{"start":{"line":35,"column":15},"end":{"line":35,"column":72}},"1":{"start":{"line":37,"column":2},"end":{"line":37,"column":73}},"2":{"start":{"line":39,"column":2},"end":{"line":39,"column":48}},"3":{"start":{"line":41,"column":2},"end":{"line":41,"column":43}},"4":{"start":{"line":43,"column":2},"end":{"line":43,"column":45}},"5":{"start":{"line":44,"column":2},"end":{"line":44,"column":23}},"6":{"start":{"line":61,"column":2},"end":{"line":64,"column":27}},"7":{"start":{"line":63,"column":34},"end":{"line":63,"column":70}},"8":{"start":{"line":66,"column":2},"end":{"line":69,"column":3}},"9":{"start":{"line":67,"column":4},"end":{"line":67,"column":33}},"10":{"start":{"line":68,"column":4},"end":{"line":68,"column":21}},"11":{"start":{"line":72,"column":42},"end":{"line":77,"column":4}},"12":{"start":{"line":80,"column":2},"end":{"line":80,"column":69}},"13":{"start":{"line":83,"column":2},"end":{"line":97,"column":3}},"14":{"start":{"line":84,"column":20},"end":{"line":84,"column":31}},"15":{"start":{"line":85,"column":4},"end":{"line":85,"column":50}},"16":{"start":{"line":86,"column":4},"end":{"line":86,"column":55}},"17":{"start":{"line":87,"column":22},"end":{"line":87,"column":53}},"18":{"start":{"line":88,"column":4},"end":{"line":88,"column":60}},"19":{"start":{"line":89,"column":4},"end":{"line":95,"column":5}},"20":{"start":{"line":90,"column":6},"end":{"line":94,"column":7}},"21":{"start":{"line":91,"column":8},"end":{"line":91,"column":35}},"22":{"start":{"line":93,"column":8},"end":{"line":93,"column":41}},"23":{"start":{"line":96,"column":4},"end":{"line":96,"column":75}},"24":{"start":{"line":100,"column":2},"end":{"line":106,"column":3}},"25":{"start":{"line":101,"column":4},"end":{"line":105,"column":5}},"26":{"start":{"line":102,"column":6},"end":{"line":102,"column":33}},"27":{"start":{"line":104,"column":6},"end":{"line":104,"column":39}},"28":{"start":{"line":108,"column":22},"end":{"line":108,"column":26}},"29":{"start":{"line":111,"column":2},"end":{"line":117,"column":3}},"30":{"start":{"line":112,"column":4},"end":{"line":112,"column":47}},"31":{"start":{"line":113,"column":9},"end":{"line":117,"column":3}},"32":{"start":{"line":114,"column":4},"end":{"line":114,"column":63}},"33":{"start":{"line":115,"column":9},"end":{"line":117,"column":3}},"34":{"start":{"line":116,"column":4},"end":{"line":116,"column":54}},"35":{"start":{"line":119,"column":15},"end":{"line":119,"column":45}},"36":{"start":{"line":121,"column":2},"end":{"line":157,"column":3}},"37":{"start":{"line":122,"column":4},"end":{"line":124,"column":5}},"38":{"start":{"line":123,"column":6},"end":{"line":123,"column":63}},"39":{"start":{"line":123,"column":37},"end":{"line":123,"column":61}},"40":{"start":{"line":125,"column":4},"end":{"line":156,"column":5}},"41":{"start":{"line":126,"column":6},"end":{"line":130,"column":8}},"42":{"start":{"line":132,"column":20},"end":{"line":132,"column":38}},"43":{"start":{"line":134,"column":6},"end":{"line":142,"column":7}},"44":{"start":{"line":136,"column":8},"end":{"line":140,"column":11}},"45":{"start":{"line":141,"column":8},"end":{"line":141,"column":17}},"46":{"start":{"line":143,"column":29},"end":{"line":150,"column":8}},"47":{"start":{"line":151,"column":6},"end":{"line":155,"column":8}},"48":{"start":{"line":160,"column":2},"end":{"line":172,"column":3}},"49":{"start":{"line":162,"column":6},"end":{"line":164,"column":15}},"50":{"start":{"line":165,"column":4},"end":{"line":171,"column":22}},"51":{"start":{"line":166,"column":6},"end":{"line":171,"column":22}},"52":{"start":{"line":167,"column":8},"end":{"line":170,"column":10}},"53":{"start":{"line":174,"column":2},"end":{"line":180,"column":3}},"54":{"start":{"line":175,"column":4},"end":{"line":178,"column":6}},"55":{"start":{"line":179,"column":4},"end":{"line":179,"column":26}},"56":{"start":{"line":183,"column":2},"end":{"line":185,"column":3}},"57":{"start":{"line":184,"column":4},"end":{"line":184,"column":25}},"58":{"start":{"line":187,"column":2},"end":{"line":187,"column":18}},"59":{"start":{"line":191,"column":2},"end":{"line":191,"column":40}},"60":{"start":{"line":191,"column":27},"end":{"line":191,"column":40}},"61":{"start":{"line":192,"column":2},"end":{"line":192,"column":68}},"62":{"start":{"line":196,"column":43},"end":{"line":196,"column":47}},"63":{"start":{"line":197,"column":2},"end":{"line":202,"column":5}},"64":{"start":{"line":198,"column":4},"end":{"line":198,"column":23}},"65":{"start":{"line":199,"column":18},"end":{"line":199,"column":27}},"66":{"start":{"line":200,"column":4},"end":{"line":200,"column":48}},"67":{"start":{"line":201,"column":4},"end":{"line":201,"column":45}},"68":{"start":{"line":203,"column":2},"end":{"line":203,"column":20}},"69":{"start":{"line":210,"column":24},"end":{"line":210,"column":42}},"70":{"start":{"line":211,"column":2},"end":{"line":219,"column":3}},"71":{"start":{"line":212,"column":4},"end":{"line":214,"column":5}},"72":{"start":{"line":213,"column":6},"end":{"line":213,"column":50}},"73":{"start":{"line":215,"column":17},"end":{"line":215,"column":42}},"74":{"start":{"line":216,"column":4},"end":{"line":218,"column":5}},"75":{"start":{"line":217,"column":6},"end":{"line":217,"column":80}},"76":{"start":{"line":220,"column":2},"end":{"line":225,"column":3}},"77":{"start":{"line":221,"column":4},"end":{"line":224,"column":14}},"78":{"start":{"line":232,"column":24},"end":{"line":232,"column":42}},"79":{"start":{"line":233,"column":2},"end":{"line":233,"column":32}},"80":{"start":{"line":233,"column":22},"end":{"line":233,"column":32}},"81":{"start":{"line":235,"column":19},"end":{"line":235,"column":55}},"82":{"start":{"line":237,"column":4},"end":{"line":240,"column":25}},"83":{"start":{"line":241,"column":2},"end":{"line":241,"column":27}},"84":{"start":{"line":241,"column":17},"end":{"line":241,"column":27}},"85":{"start":{"line":244,"column":4},"end":{"line":248,"column":17}},"86":{"start":{"line":250,"column":2},"end":{"line":250,"column":64}}},"fnMap":{"0":{"name":"sanitizeTelegramHtml","decl":{"start":{"line":33,"column":9},"end":{"line":33,"column":29}},"loc":{"start":{"line":33,"column":42},"end":{"line":45,"column":1}}},"1":{"name":"sendTelegramMessage","decl":{"start":{"line":52,"column":22},"end":{"line":52,"column":41}},"loc":{"start":{"line":59,"column":29},"end":{"line":188,"column":1}}},"2":{"name":"(anonymous_2)","decl":{"start":{"line":63,"column":27},"end":{"line":63,"column":28}},"loc":{"start":{"line":63,"column":34},"end":{"line":63,"column":70}}},"3":{"name":"(anonymous_3)","decl":{"start":{"line":123,"column":24},"end":{"line":123,"column":25}},"loc":{"start":{"line":123,"column":37},"end":{"line":123,"column":61}}},"4":{"name":"(anonymous_4)","decl":{"start":{"line":166,"column":17},"end":{"line":166,"column":22}},"loc":{"start":{"line":166,"column":28},"end":{"line":171,"column":7}}},"5":{"name":"isAdminUser","decl":{"start":{"line":190,"column":16},"end":{"line":190,"column":27}},"loc":{"start":{"line":190,"column":52},"end":{"line":193,"column":1}}},"6":{"name":"buildButtonRows","decl":{"start":{"line":195,"column":16},"end":{"line":195,"column":31}},"loc":{"start":{"line":195,"column":63},"end":{"line":204,"column":1}}},"7":{"name":"(anonymous_7)","decl":{"start":{"line":197,"column":18},"end":{"line":197,"column":19}},"loc":{"start":{"line":197,"column":24},"end":{"line":202,"column":3}}},"8":{"name":"getFullName","decl":{"start":{"line":206,"column":16},"end":{"line":206,"column":27}},"loc":{"start":{"line":209,"column":1},"end":{"line":226,"column":1}}},"9":{"name":"getTelegramForwardedUser","decl":{"start":{"line":228,"column":16},"end":{"line":228,"column":40}},"loc":{"start":{"line":230,"column":28},"end":{"line":251,"column":1}}}},"branchMap":{"0":{"loc":{"start":{"line":62,"column":4},"end":{"line":64,"column":26}},"type":"binary-expr","locations":[{"start":{"line":62,"column":4},"end":{"line":62,"column":14}},{"start":{"line":63,"column":4},"end":{"line":63,"column":71}},{"start":{"line":64,"column":5},"end":{"line":64,"column":26}}]},"1":{"loc":{"start":{"line":66,"column":2},"end":{"line":69,"column":3}},"type":"if","locations":[{"start":{"line":66,"column":2},"end":{"line":69,"column":3}}]},"2":{"loc":{"start":{"line":83,"column":2},"end":{"line":97,"column":3}},"type":"if","locations":[{"start":{"line":83,"column":2},"end":{"line":97,"column":3}}]},"3":{"loc":{"start":{"line":89,"column":4},"end":{"line":95,"column":5}},"type":"if","locations":[{"start":{"line":89,"column":4},"end":{"line":95,"column":5}}]},"4":{"loc":{"start":{"line":90,"column":6},"end":{"line":94,"column":7}},"type":"if","locations":[{"start":{"line":90,"column":6},"end":{"line":94,"column":7}},{"start":{"line":92,"column":13},"end":{"line":94,"column":7}}]},"5":{"loc":{"start":{"line":90,"column":10},"end":{"line":90,"column":75}},"type":"binary-expr","locations":[{"start":{"line":90,"column":10},"end":{"line":90,"column":37}},{"start":{"line":90,"column":41},"end":{"line":90,"column":75}}]},"6":{"loc":{"start":{"line":100,"column":2},"end":{"line":106,"column":3}},"type":"if","locations":[{"start":{"line":100,"column":2},"end":{"line":106,"column":3}}]},"7":{"loc":{"start":{"line":101,"column":4},"end":{"line":105,"column":5}},"type":"if","locations":[{"start":{"line":101,"column":4},"end":{"line":105,"column":5}},{"start":{"line":103,"column":11},"end":{"line":105,"column":5}}]},"8":{"loc":{"start":{"line":101,"column":8},"end":{"line":101,"column":73}},"type":"binary-expr","locations":[{"start":{"line":101,"column":8},"end":{"line":101,"column":35}},{"start":{"line":101,"column":39},"end":{"line":101,"column":73}}]},"9":{"loc":{"start":{"line":111,"column":2},"end":{"line":117,"column":3}},"type":"if","locations":[{"start":{"line":111,"column":2},"end":{"line":117,"column":3}},{"start":{"line":113,"column":9},"end":{"line":117,"column":3}}]},"10":{"loc":{"start":{"line":113,"column":9},"end":{"line":117,"column":3}},"type":"if","locations":[{"start":{"line":113,"column":9},"end":{"line":117,"column":3}},{"start":{"line":115,"column":9},"end":{"line":117,"column":3}}]},"11":{"loc":{"start":{"line":115,"column":9},"end":{"line":117,"column":3}},"type":"if","locations":[{"start":{"line":115,"column":9},"end":{"line":117,"column":3}}]},"12":{"loc":{"start":{"line":122,"column":4},"end":{"line":124,"column":5}},"type":"if","locations":[{"start":{"line":122,"column":4},"end":{"line":124,"column":5}}]},"13":{"loc":{"start":{"line":134,"column":6},"end":{"line":142,"column":7}},"type":"if","locations":[{"start":{"line":134,"column":6},"end":{"line":142,"column":7}}]},"14":{"loc":{"start":{"line":137,"column":58},"end":{"line":137,"column":104}},"type":"binary-expr","locations":[{"start":{"line":137,"column":58},"end":{"line":137,"column":85}},{"start":{"line":137,"column":89},"end":{"line":137,"column":104}}]},"15":{"loc":{"start":{"line":160,"column":2},"end":{"line":172,"column":3}},"type":"if","locations":[{"start":{"line":160,"column":2},"end":{"line":172,"column":3}}]},"16":{"loc":{"start":{"line":162,"column":6},"end":{"line":164,"column":15}},"type":"cond-expr","locations":[{"start":{"line":163,"column":10},"end":{"line":163,"column":35}},{"start":{"line":164,"column":10},"end":{"line":164,"column":15}}]},"17":{"loc":{"start":{"line":165,"column":4},"end":{"line":171,"column":22}},"type":"if","locations":[{"start":{"line":165,"column":4},"end":{"line":171,"column":22}}]},"18":{"loc":{"start":{"line":174,"column":2},"end":{"line":180,"column":3}},"type":"if","locations":[{"start":{"line":174,"column":2},"end":{"line":180,"column":3}}]},"19":{"loc":{"start":{"line":183,"column":2},"end":{"line":185,"column":3}},"type":"if","locations":[{"start":{"line":183,"column":2},"end":{"line":185,"column":3}}]},"20":{"loc":{"start":{"line":191,"column":2},"end":{"line":191,"column":40}},"type":"if","locations":[{"start":{"line":191,"column":2},"end":{"line":191,"column":40}}]},"21":{"loc":{"start":{"line":192,"column":10},"end":{"line":192,"column":38}},"type":"binary-expr","locations":[{"start":{"line":192,"column":10},"end":{"line":192,"column":32}},{"start":{"line":192,"column":36},"end":{"line":192,"column":38}}]},"22":{"loc":{"start":{"line":198,"column":12},"end":{"line":198,"column":22}},"type":"binary-expr","locations":[{"start":{"line":198,"column":12},"end":{"line":198,"column":17}},{"start":{"line":198,"column":21},"end":{"line":198,"column":22}}]},"23":{"loc":{"start":{"line":200,"column":24},"end":{"line":200,"column":47}},"type":"binary-expr","locations":[{"start":{"line":200,"column":24},"end":{"line":200,"column":41}},{"start":{"line":200,"column":45},"end":{"line":200,"column":47}}]},"24":{"loc":{"start":{"line":211,"column":2},"end":{"line":219,"column":3}},"type":"if","locations":[{"start":{"line":211,"column":2},"end":{"line":219,"column":3}}]},"25":{"loc":{"start":{"line":212,"column":4},"end":{"line":214,"column":5}},"type":"if","locations":[{"start":{"line":212,"column":4},"end":{"line":214,"column":5}}]},"26":{"loc":{"start":{"line":213,"column":13},"end":{"line":213,"column":49}},"type":"binary-expr","locations":[{"start":{"line":213,"column":13},"end":{"line":213,"column":43}},{"start":{"line":213,"column":47},"end":{"line":213,"column":49}}]},"27":{"loc":{"start":{"line":216,"column":4},"end":{"line":218,"column":5}},"type":"if","locations":[{"start":{"line":216,"column":4},"end":{"line":218,"column":5}}]},"28":{"loc":{"start":{"line":220,"column":2},"end":{"line":225,"column":3}},"type":"if","locations":[{"start":{"line":220,"column":2},"end":{"line":225,"column":3}}]},"29":{"loc":{"start":{"line":233,"column":2},"end":{"line":233,"column":32}},"type":"if","locations":[{"start":{"line":233,"column":2},"end":{"line":233,"column":32}}]},"30":{"loc":{"start":{"line":237,"column":4},"end":{"line":240,"column":25}},"type":"binary-expr","locations":[{"start":{"line":237,"column":4},"end":{"line":237,"column":12}},{"start":{"line":238,"column":4},"end":{"line":240,"column":25}}]},"31":{"loc":{"start":{"line":241,"column":2},"end":{"line":241,"column":27}},"type":"if","locations":[{"start":{"line":241,"column":2},"end":{"line":241,"column":27}}]},"32":{"loc":{"start":{"line":244,"column":4},"end":{"line":248,"column":17}},"type":"cond-expr","locations":[{"start":{"line":245,"column":8},"end":{"line":245,"column":38}},{"start":{"line":246,"column":8},"end":{"line":248,"column":17}}]},"33":{"loc":{"start":{"line":246,"column":11},"end":{"line":246,"column":54}},"type":"binary-expr","locations":[{"start":{"line":246,"column":11},"end":{"line":246,"column":48}},{"start":{"line":246,"column":52},"end":{"line":246,"column":54}}]},"34":{"loc":{"start":{"line":247,"column":10},"end":{"line":247,"column":null}},"type":"binary-expr","locations":[{"start":{"line":247,"column":10},"end":{"line":247,"column":46}},{"start":{"line":247,"column":50},"end":{"line":247,"column":null}}]},"35":{"loc":{"start":{"line":250,"column":19},"end":{"line":250,"column":61}},"type":"cond-expr","locations":[{"start":{"line":250,"column":30},"end":{"line":250,"column":56}},{"start":{"line":250,"column":59},"end":{"line":250,"column":61}}]}},"s":{"0":0,"1":0,"2":0,"3":0,"4":0,"5":0,"6":0,"7":0,"8":0,"9":0,"10":0,"11":0,"12":0,"13":0,"14":0,"15":0,"16":0,"17":0,"18":0,"19":0,"20":0,"21":0,"22":0,"23":0,"24":0,"25":0,"26":0,"27":0,"28":0,"29":0,"30":0,"31":0,"32":0,"33":0,"34":0,"35":0,"36":0,"37":0,"38":0,"39":0,"40":0,"41":0,"42":0,"43":0,"44":0,"45":0,"46":0,"47":0,"48":0,"49":0,"50":0,"51":0,"52":0,"53":0,"54":0,"55":0,"56":0,"57":0,"58":0,"59":0,"60":0,"61":0,"62":0,"63":0,"64":0,"65":0,"66":0,"67":0,"68":0,"69":0,"70":0,"71":0,"72":0,"73":0,"74":0,"75":0,"76":0,"77":0,"78":0,"79":0,"80":0,"81":0,"82":0,"83":0,"84":0,"85":0,"86":0},"f":{"0":0,"1":0,"2":0,"3":0,"4":0,"5":0,"6":0,"7":0,"8":0,"9":0},"b":{"0":[0,0,0],"1":[0],"2":[0],"3":[0],"4":[0,0],"5":[0,0],"6":[0],"7":[0,0],"8":[0,0],"9":[0,0],"10":[0,0],"11":[0],"12":[0],"13":[0],"14":[0,0],"15":[0],"16":[0,0],"17":[0],"18":[0],"19":[0],"20":[0],"21":[0,0],"22":[0,0],"23":[0,0],"24":[0],"25":[0],"26":[0,0],"27":[0],"28":[0],"29":[0],"30":[0,0],"31":[0],"32":[0,0],"33":[0,0],"34":[0,0],"35":[0,0]}}
,"D:\\projects\\js\\telegram-functions-bot\\src\\utils\\text.ts": {"path":"D:\\projects\\js\\telegram-functions-bot\\src\\utils\\text.ts","statementMap":{"0":{"start":{"line":2,"column":25},"end":{"line":2,"column":27}},"1":{"start":{"line":3,"column":20},"end":{"line":3,"column":24}},"2":{"start":{"line":4,"column":12},"end":{"line":4,"column":14}},"3":{"start":{"line":6,"column":2},"end":{"line":14,"column":3}},"4":{"start":{"line":7,"column":17},"end":{"line":7,"column":32}},"5":{"start":{"line":8,"column":4},"end":{"line":8,"column":24}},"6":{"start":{"line":8,"column":15},"end":{"line":8,"column":24}},"7":{"start":{"line":9,"column":4},"end":{"line":12,"column":5}},"8":{"start":{"line":10,"column":6},"end":{"line":10,"column":37}},"9":{"start":{"line":10,"column":22},"end":{"line":10,"column":37}},"10":{"start":{"line":11,"column":6},"end":{"line":11,"column":15}},"11":{"start":{"line":13,"column":4},"end":{"line":13,"column":23}},"12":{"start":{"line":15,"column":2},"end":{"line":17,"column":3}},"13":{"start":{"line":16,"column":4},"end":{"line":16,"column":46}},"14":{"start":{"line":18,"column":2},"end":{"line":18,"column":33}},"15":{"start":{"line":18,"column":18},"end":{"line":18,"column":33}},"16":{"start":{"line":19,"column":2},"end":{"line":19,"column":14}}},"fnMap":{"0":{"name":"splitBigMessage","decl":{"start":{"line":1,"column":16},"end":{"line":1,"column":31}},"loc":{"start":{"line":1,"column":44},"end":{"line":20,"column":1}}}},"branchMap":{"0":{"loc":{"start":{"line":8,"column":4},"end":{"line":8,"column":24}},"type":"if","locations":[{"start":{"line":8,"column":4},"end":{"line":8,"column":24}}]},"1":{"loc":{"start":{"line":9,"column":4},"end":{"line":12,"column":5}},"type":"if","locations":[{"start":{"line":9,"column":4},"end":{"line":12,"column":5}}]},"2":{"loc":{"start":{"line":10,"column":6},"end":{"line":10,"column":37}},"type":"if","locations":[{"start":{"line":10,"column":6},"end":{"line":10,"column":37}}]},"3":{"loc":{"start":{"line":15,"column":2},"end":{"line":17,"column":3}},"type":"if","locations":[{"start":{"line":15,"column":2},"end":{"line":17,"column":3}}]},"4":{"loc":{"start":{"line":18,"column":2},"end":{"line":18,"column":33}},"type":"if","locations":[{"start":{"line":18,"column":2},"end":{"line":18,"column":33}}]}},"s":{"0":0,"1":0,"2":0,"3":0,"4":0,"5":0,"6":0,"7":0,"8":0,"9":0,"10":0,"11":0,"12":0,"13":0,"14":0,"15":0,"16":0},"f":{"0":0},"b":{"0":[0],"1":[0],"2":[0],"3":[0],"4":[0]}}
}
