TN:
SF:src\agent-runner.ts
FN:10,runAgent
FN:16,(anonymous_1)
FNF:2
FNH:0
FNDA:0,runAgent
FNDA:0,(anonymous_1)
DA:15,0
DA:16,0
DA:17,0
DA:18,0
DA:19,0
DA:26,0
DA:30,0
DA:39,0
DA:43,0
DA:45,0
DA:46,0
DA:53,0
LF:12
LH:0
BRDA:17,0,0,0
BRDA:18,1,0,0
BRDA:18,1,1,0
BRDA:47,2,0,0
BRDA:47,2,1,0
BRDA:53,3,0,0
BRDA:53,3,1,0
BRF:7
BRH:0
end_of_record
TN:
SF:src\bot.ts
FN:6,useBot
FN:10,(anonymous_1)
FN:11,(anonymous_2)
FNF:3
FNH:0
FNDA:0,useBot
FNDA:0,(anonymous_1)
FNDA:0,(anonymous_2)
DA:4,7
DA:7,0
DA:8,0
DA:9,0
DA:10,0
DA:11,0
DA:13,0
LF:7
LH:1
BRDA:7,0,0,0
BRDA:7,0,1,0
BRDA:8,1,0,0
BRF:3
BRH:0
end_of_record
TN:
SF:src\cli-agent.ts
FN:6,(anonymous_0)
FN:13,(anonymous_1)
FN:14,(anonymous_2)
FN:15,(anonymous_3)
FN:22,(anonymous_4)
FNF:5
FNH:1
FNDA:0,(anonymous_0)
FNDA:0,(anonymous_1)
FNDA:0,(anonymous_2)
FNDA:0,(anonymous_3)
FNDA:1,(anonymous_4)
DA:6,1
DA:7,0
DA:8,0
DA:9,0
DA:10,0
DA:12,0
DA:13,0
DA:14,0
DA:16,0
DA:17,0
DA:22,1
DA:23,1
DA:24,1
DA:27,1
DA:30,1
DA:31,0
LF:16
LH:6
BRDA:8,0,0,0
BRDA:12,1,0,0
BRDA:12,1,1,0
BRDA:24,2,0,1
BRDA:24,2,1,0
BRDA:30,3,0,0
BRF:6
BRH:1
end_of_record
TN:
SF:src\config.ts
FN:18,readConfig
FN:36,(anonymous_1)
FN:63,writeConfig
FN:82,generateConfig
FN:192,validateConfig
FN:205,generatePrivateChatConfig
FN:214,checkConfigSchema
FN:217,(anonymous_7)
FN:222,(anonymous_8)
FN:237,(anonymous_9)
FN:247,(anonymous_10)
FN:250,(anonymous_11)
FN:255,logConfigChanges
FN:273,generateDiff
FN:289,setConfigPath
FN:293,syncButtons
FN:307,(anonymous_16)
FN:315,getGoogleButtons
FN:345,watchConfigChanges
FN:348,(anonymous_19)
FN:354,(anonymous_20)
FN:355,(anonymous_21)
FN:364,useConfig
FN:368,reloadConfig
FNF:24
FNH:12
FNDA:5,readConfig
FNDA:50,(anonymous_1)
FNDA:3,writeConfig
FNDA:18,generateConfig
FNDA:0,validateConfig
FNDA:0,generatePrivateChatConfig
FNDA:4,checkConfigSchema
FNDA:72,(anonymous_7)
FNDA:459,(anonymous_8)
FNDA:18,(anonymous_9)
FNDA:8,(anonymous_10)
FNDA:50,(anonymous_11)
FNDA:0,logConfigChanges
FNDA:0,generateDiff
FNDA:0,setConfigPath
FNDA:0,syncButtons
FNDA:0,(anonymous_16)
FNDA:0,getGoogleButtons
FNDA:0,watchConfigChanges
FNDA:0,(anonymous_19)
FNDA:0,(anonymous_20)
FNDA:0,(anonymous_21)
FNDA:3,useConfig
FNDA:2,reloadConfig
DA:19,5
DA:20,5
DA:21,1
DA:22,1
DA:23,1
DA:24,0
DA:26,1
DA:28,4
DA:30,4
DA:31,2
DA:35,4
DA:36,4
DA:37,50
DA:38,46
DA:39,42
DA:41,0
DA:42,0
DA:43,0
DA:44,0
DA:46,0
DA:51,0
DA:54,4
DA:55,0
DA:58,4
DA:59,4
DA:67,3
DA:68,3
DA:74,2
DA:76,1
DA:79,3
DA:83,18
DA:193,0
DA:194,0
DA:195,0
DA:196,0
DA:197,0
DA:198,0
DA:199,0
DA:202,0
DA:206,0
DA:216,4
DA:217,4
DA:222,72
DA:223,459
DA:224,1
DA:225,1
DA:226,0
DA:227,0
DA:229,1
DA:236,4
DA:237,4
DA:238,18
DA:246,4
DA:247,8
DA:249,4
DA:250,4
DA:251,50
DA:256,0
DA:261,0
DA:266,0
DA:267,0
DA:268,0
DA:269,0
DA:274,0
DA:275,0
DA:276,0
DA:278,0
DA:279,0
DA:280,0
DA:281,0
DA:285,0
DA:288,7
DA:290,0
DA:297,0
DA:301,0
DA:302,0
DA:304,0
DA:306,0
DA:307,0
DA:309,0
DA:310,0
DA:312,0
DA:319,0
DA:324,0
DA:325,0
DA:326,0
DA:329,0
DA:330,0
DA:333,0
DA:339,0
DA:340,0
DA:342,0
DA:346,0
DA:349,0
DA:350,0
DA:351,0
DA:353,0
DA:354,0
DA:356,0
DA:357,0
DA:363,7
DA:365,3
DA:366,3
DA:369,2
DA:370,2
LF:105
LH:44
BRDA:19,0,0,2
BRDA:19,1,0,2
BRDA:19,1,1,2
BRDA:20,2,0,1
BRDA:23,3,0,0
BRDA:30,4,0,2
BRDA:37,5,0,4
BRDA:38,6,0,4
BRDA:39,7,0,42
BRDA:41,8,0,0
BRDA:41,8,1,0
BRDA:43,9,0,0
BRDA:43,9,1,0
BRDA:54,10,0,0
BRDA:64,11,0,0
BRDA:196,12,0,0
BRDA:196,13,0,0
BRDA:196,13,1,0
BRDA:220,14,0,4
BRDA:223,15,0,1
BRDA:225,16,0,0
BRDA:266,17,0,0
BRDA:279,18,0,0
BRDA:280,19,0,0
BRDA:280,19,1,0
BRDA:281,20,0,0
BRDA:281,20,1,0
BRDA:288,21,0,7
BRDA:288,21,1,7
BRDA:297,22,0,0
BRDA:297,22,1,0
BRDA:302,23,0,0
BRDA:324,24,0,0
BRDA:339,25,0,0
BRDA:354,26,0,0
BRDA:354,26,1,0
BRDA:365,27,0,2
BRF:37
BRH:13
end_of_record
TN:
SF:src\helpers.ts
FN:17,log
FN:65,ensureDirectoryExists
FN:72,sendToHttp
FN:77,agentNameToId
FNF:4
FNH:2
FNDA:10,log
FNDA:10,ensureDirectoryExists
FNDA:0,sendToHttp
FNDA:0,agentNameToId
DA:26,10
DA:27,10
DA:31,10
DA:32,10
DA:33,0
DA:35,10
DA:36,10
DA:37,10
DA:38,10
DA:39,10
DA:42,10
DA:43,10
DA:44,10
DA:47,10
DA:49,1
DA:50,1
DA:52,5
DA:53,5
DA:55,3
DA:56,3
DA:58,1
DA:59,1
DA:61,0
DA:66,10
DA:67,10
DA:68,0
DA:73,0
DA:74,0
DA:78,0
DA:80,0
DA:82,0
DA:83,0
DA:84,0
DA:85,0
DA:88,0
LF:35
LH:23
BRDA:19,0,0,4
BRDA:24,1,0,10
BRDA:31,2,0,4
BRDA:31,2,1,6
BRDA:32,3,0,0
BRDA:35,4,0,3
BRDA:35,4,1,7
BRDA:36,5,0,1
BRDA:36,5,1,9
BRDA:37,6,0,1
BRDA:37,6,1,9
BRDA:38,7,0,5
BRDA:38,7,1,5
BRDA:42,8,0,10
BRDA:47,9,0,1
BRDA:47,9,1,5
BRDA:47,9,2,3
BRDA:47,9,3,1
BRDA:47,9,4,0
BRDA:67,10,0,0
BRDA:73,11,0,0
BRDA:80,12,0,0
BRF:22
BRH:17
end_of_record
TN:
SF:src\httpHandlers.ts
FN:19,agentGetHandler
FN:38,checkAuth
FN:48,agentPostHandler
FN:55,(anonymous_3)
FN:138,toolPostHandler
FN:145,(anonymous_5)
FN:181,(anonymous_6)
FNF:7
FNH:4
FNDA:0,agentGetHandler
FNDA:3,checkAuth
FNDA:0,agentPostHandler
FNDA:0,(anonymous_3)
FNDA:3,toolPostHandler
FNDA:3,(anonymous_5)
FNDA:2,(anonymous_6)
DA:12,1
DA:14,1
DA:17,1
DA:23,0
DA:25,0
DA:26,0
DA:33,0
DA:34,0
DA:39,3
DA:40,3
DA:41,3
DA:43,3
DA:45,3
DA:52,0
DA:53,0
DA:54,0
DA:55,0
DA:56,0
DA:57,0
DA:62,0
DA:64,0
DA:65,0
DA:70,0
DA:72,0
DA:73,0
DA:78,0
DA:80,0
DA:81,0
DA:86,0
DA:88,0
DA:89,0
DA:96,0
DA:106,0
DA:111,0
DA:114,0
DA:115,0
DA:123,0
DA:124,0
DA:125,0
DA:126,0
DA:127,0
DA:142,3
DA:143,3
DA:144,3
DA:145,3
DA:146,3
DA:147,1
DA:152,1
DA:154,2
DA:155,0
DA:160,0
DA:163,2
DA:165,2
DA:171,2
DA:181,2
DA:182,2
DA:183,0
DA:188,0
DA:190,2
DA:191,2
DA:192,2
DA:200,2
DA:202,2
DA:203,2
DA:204,2
DA:205,2
DA:207,2
DA:215,2
DA:216,2
DA:224,2
DA:226,0
DA:227,0
DA:232,0
LF:73
LH:33
BRDA:43,0,0,3
BRDA:43,0,1,2
BRDA:43,0,2,2
BRDA:43,0,3,2
BRDA:53,1,0,0
BRDA:53,1,1,0
BRDA:56,2,0,0
BRDA:64,3,0,0
BRDA:72,4,0,0
BRDA:80,5,0,0
BRDA:88,6,0,0
BRDA:88,6,1,0
BRDA:114,7,0,0
BRDA:114,7,1,0
BRDA:125,8,0,0
BRDA:143,9,0,3
BRDA:143,9,1,0
BRDA:146,10,0,1
BRDA:154,11,0,0
BRDA:163,12,0,2
BRDA:163,12,1,2
BRDA:182,13,0,0
BRDA:191,14,0,0
BRDA:191,14,1,2
BRDA:191,15,0,2
BRDA:191,15,1,0
BRDA:204,16,0,2
BRDA:215,17,0,2
BRDA:215,17,1,0
BRDA:226,18,0,0
BRDA:226,18,1,0
BRF:31
BRH:12
end_of_record
TN:
SF:src\mcp.ts
FN:33,init
FN:41,(anonymous_1)
FN:48,getMcpTools
FN:66,(anonymous_3)
FN:75,(anonymous_4)
FN:93,initSseMcp
FN:101,(anonymous_6)
FN:111,(anonymous_7)
FN:140,connectMcp
FN:188,callMcp
FNF:10
FNH:0
FNDA:0,init
FNDA:0,(anonymous_1)
FNDA:0,getMcpTools
FNDA:0,(anonymous_3)
FNDA:0,(anonymous_4)
FNDA:0,initSseMcp
FNDA:0,(anonymous_6)
FNDA:0,(anonymous_7)
FNDA:0,connectMcp
FNDA:0,callMcp
DA:13,4
DA:36,0
DA:41,0
DA:42,0
DA:44,0
DA:45,0
DA:57,0
DA:58,0
DA:60,0
DA:62,0
DA:64,0
DA:65,0
DA:66,0
DA:74,0
DA:75,0
DA:79,0
DA:80,0
DA:82,0
DA:86,0
DA:94,0
DA:99,0
DA:102,0
DA:109,0
DA:112,0
DA:116,0
DA:117,0
DA:121,0
DA:126,0
DA:134,0
DA:145,0
DA:146,0
DA:152,0
DA:155,0
DA:156,0
DA:158,0
DA:159,0
DA:160,0
DA:171,0
DA:174,0
DA:175,0
DA:177,0
DA:181,0
DA:193,0
DA:194,0
DA:195,0
DA:197,0
DA:198,0
DA:202,0
DA:210,0
DA:211,0
DA:213,0
DA:216,0
LF:52
LH:1
BRDA:57,0,0,0
BRDA:57,1,0,0
BRDA:57,1,1,0
BRDA:64,2,0,0
BRDA:68,3,0,0
BRDA:68,3,1,0
BRDA:83,4,0,0
BRDA:83,4,1,0
BRDA:145,5,0,0
BRDA:156,6,0,0
BRDA:156,6,1,0
BRDA:159,7,0,0
BRDA:159,7,1,0
BRDA:167,8,0,0
BRDA:167,8,1,0
BRDA:194,9,0,0
BRDA:204,10,0,0
BRDA:204,10,1,0
BRDA:210,11,0,0
BRDA:210,11,1,0
BRDA:210,12,0,0
BRDA:210,12,1,0
BRDA:210,12,2,0
BRDA:211,13,0,0
BRDA:211,13,1,0
BRF:25
BRH:0
end_of_record
TN:
SF:src\mqtt.ts
FN:9,useMqtt
FN:19,(anonymous_1)
FN:23,(anonymous_2)
FN:26,(anonymous_3)
FN:35,(anonymous_4)
FN:48,publishMqttProgress
FNF:6
FNH:0
FNDA:0,useMqtt
FNDA:0,(anonymous_1)
FNDA:0,(anonymous_2)
FNDA:0,(anonymous_3)
FNDA:0,(anonymous_4)
FNDA:0,publishMqttProgress
DA:6,4
DA:10,0
DA:11,0
DA:12,0
DA:13,0
DA:19,0
DA:20,0
DA:21,0
DA:23,0
DA:24,0
DA:26,0
DA:27,0
DA:28,0
DA:29,0
DA:30,0
DA:35,0
DA:36,0
DA:38,0
DA:39,0
DA:45,0
DA:49,0
DA:50,0
DA:51,0
DA:52,0
LF:24
LH:1
BRDA:10,0,0,0
BRDA:12,1,0,0
BRDA:14,2,0,0
BRDA:14,2,1,0
BRDA:15,3,0,0
BRDA:15,3,1,0
BRDA:27,4,0,0
BRDA:50,5,0,0
BRDA:51,6,0,0
BRF:9
BRH:0
end_of_record
TN:
SF:src\threads.ts
FN:5,useThreads
FNF:1
FNH:1
FNDA:2,useThreads
DA:3,9
DA:6,2
LF:2
LH:2
BRF:0
BRH:0
end_of_record
TN:
SF:src\handlers\access.ts
FN:9,checkAccessLevel
FN:52,isMentioned
FNF:2
FNH:2
FNDA:3,checkAccessLevel
FNDA:2,isMentioned
DA:14,3
DA:15,3
DA:16,0
DA:17,0
DA:20,3
DA:21,3
DA:22,3
DA:24,3
DA:25,1
DA:31,1
DA:34,1
DA:41,1
DA:42,1
DA:45,2
DA:46,1
DA:49,1
DA:56,2
DA:57,1
DA:58,1
DA:59,1
DA:61,1
DA:65,1
DA:70,0
DA:73,0
DA:74,0
DA:77,1
DA:78,1
DA:79,1
DA:80,1
DA:81,1
DA:82,1
DA:83,1
DA:87,0
LF:33
LH:27
BRDA:15,0,0,0
BRDA:20,1,0,3
BRDA:20,1,1,3
BRDA:24,2,0,1
BRDA:31,3,0,1
BRDA:31,3,1,0
BRDA:34,4,0,0
BRDA:34,4,1,1
BRDA:45,5,0,1
BRDA:56,6,0,1
BRDA:57,7,0,1
BRDA:57,7,1,1
BRDA:61,8,0,1
BRDA:61,8,1,0
BRDA:61,8,2,0
BRDA:65,9,0,0
BRDA:66,10,0,1
BRDA:66,10,1,0
BRDA:70,11,0,0
BRDA:77,12,0,1
BRDA:77,13,0,1
BRDA:77,13,1,1
BRDA:80,14,0,1
BRDA:83,15,0,1
BRF:24
BRH:16
end_of_record
TN:
SF:src\handlers\onAudio.ts
FN:34,processAudio
FN:67,(anonymous_1)
FN:119,onAudio
FN:151,(anonymous_3)
FNF:4
FNH:1
FNDA:0,processAudio
FNDA:0,(anonymous_1)
FNDA:1,onAudio
FNDA:0,(anonymous_3)
DA:13,1
DA:39,0
DA:40,0
DA:41,0
DA:43,0
DA:44,0
DA:45,0
DA:46,0
DA:48,0
DA:49,0
DA:51,0
DA:52,0
DA:54,0
DA:55,0
DA:61,0
DA:65,0
DA:68,0
DA:69,0
DA:71,0
DA:78,0
DA:79,0
DA:85,0
DA:88,0
DA:90,0
DA:91,0
DA:100,0
DA:102,0
DA:103,0
DA:110,0
DA:111,0
DA:112,0
DA:114,0
DA:120,1
DA:121,1
DA:123,1
DA:124,1
DA:125,0
DA:127,0
DA:128,0
DA:134,0
DA:136,0
DA:139,0
DA:141,0
DA:142,0
DA:144,0
DA:151,0
DA:152,0
LF:47
LH:5
BRDA:45,0,0,0
BRDA:54,1,0,0
BRDA:65,2,0,0
BRDA:65,2,1,0
BRDA:65,2,2,0
BRDA:68,3,0,0
BRDA:68,3,1,0
BRDA:78,4,0,0
BRDA:111,5,0,0
BRDA:112,6,0,0
BRDA:112,7,0,0
BRDA:112,7,1,0
BRDA:121,8,0,0
BRDA:124,9,0,1
BRDA:127,10,0,0
BRDA:139,11,0,0
BRDA:139,11,1,0
BRDA:141,12,0,0
BRDA:141,12,1,0
BRDA:142,13,0,0
BRDA:145,14,0,0
BRDA:145,14,1,0
BRF:22
BRH:1
end_of_record
TN:
SF:src\handlers\onPhoto.ts
FN:11,isMessageUpdate
FN:15,onPhoto
FN:44,(anonymous_2)
FNF:3
FNH:2
FNDA:1,isMessageUpdate
FNDA:1,onPhoto
FNDA:0,(anonymous_2)
DA:12,1
DA:16,1
DA:17,0
DA:20,1
DA:21,1
DA:23,0
DA:24,0
DA:25,0
DA:26,0
DA:27,0
DA:35,0
DA:36,0
DA:37,0
DA:38,0
DA:44,0
DA:45,0
DA:46,0
DA:48,0
DA:57,0
DA:64,0
DA:74,0
DA:78,0
LF:22
LH:4
BRDA:16,0,0,0
BRDA:16,1,0,1
BRDA:16,1,1,1
BRDA:21,2,0,1
BRDA:25,3,0,0
BRDA:26,4,0,0
BRDA:26,4,1,0
BRDA:28,5,0,0
BRDA:28,5,1,0
BRDA:36,6,0,0
BRDA:36,6,1,0
BRDA:37,7,0,0
BRDA:46,8,0,0
BRDA:46,8,1,0
BRF:14
BRH:3
end_of_record
TN:
SF:src\handlers\onTextMessage.ts
FN:19,onTextMessage
FN:72,(anonymous_1)
FN:85,(anonymous_2)
FN:90,(anonymous_3)
FN:95,answerToMessage
FN:110,(anonymous_5)
FN:125,(anonymous_6)
FN:127,(anonymous_7)
FN:142,(anonymous_8)
FN:152,(anonymous_9)
FN:177,(anonymous_10)
FNF:11
FNH:0
FNDA:0,onTextMessage
FNDA:0,(anonymous_1)
FNDA:0,(anonymous_2)
FNDA:0,(anonymous_3)
FNDA:0,answerToMessage
FNDA:0,(anonymous_5)
FNDA:0,(anonymous_6)
FNDA:0,(anonymous_7)
FNDA:0,(anonymous_8)
FNDA:0,(anonymous_9)
FNDA:0,(anonymous_10)
DA:24,0
DA:25,0
DA:27,0
DA:28,0
DA:29,0
DA:31,0
DA:32,0
DA:34,0
DA:43,0
DA:48,0
DA:49,0
DA:51,0
DA:55,0
DA:62,0
DA:65,0
DA:68,0
DA:69,0
DA:72,0
DA:73,0
DA:76,0
DA:77,0
DA:78,0
DA:79,0
DA:80,0
DA:85,0
DA:90,0
DA:91,0
DA:101,0
DA:105,0
DA:106,0
DA:108,0
DA:110,0
DA:111,0
DA:112,0
DA:113,0
DA:114,0
DA:121,0
DA:124,0
DA:125,0
DA:127,0
DA:128,0
DA:136,0
DA:140,0
DA:142,0
DA:143,0
DA:144,0
DA:145,0
DA:146,0
DA:149,0
DA:150,0
DA:151,0
DA:152,0
DA:154,0
DA:156,0
DA:157,0
DA:164,0
DA:171,0
DA:173,0
DA:175,0
DA:176,0
DA:177,0
DA:178,0
DA:179,0
DA:180,0
DA:181,0
DA:182,0
DA:184,0
LF:67
LH:0
BRDA:28,0,0,0
BRDA:31,1,0,0
BRDA:31,1,1,0
BRDA:51,2,0,0
BRDA:51,2,1,0
BRDA:62,3,0,0
BRDA:73,4,0,0
BRDA:76,5,0,0
BRDA:76,5,1,0
BRDA:79,6,0,0
BRDA:79,7,0,0
BRDA:79,7,1,0
BRDA:101,8,0,0
BRDA:102,9,0,0
BRDA:102,9,1,0
BRDA:105,10,0,0
BRDA:105,10,1,0
BRDA:108,11,0,0
BRDA:108,12,0,0
BRDA:108,12,1,0
BRDA:108,12,2,0
BRDA:111,13,0,0
BRDA:113,14,0,0
BRDA:143,15,0,0
BRDA:145,16,0,0
BRDA:145,16,1,0
BRDA:149,17,0,0
BRDA:149,17,1,0
BRDA:150,18,0,0
BRDA:171,19,0,0
BRDA:178,20,0,0
BRDA:179,21,0,0
BRDA:179,22,0,0
BRDA:179,22,1,0
BRDA:186,23,0,0
BRDA:186,23,1,0
BRF:36
BRH:0
end_of_record
TN:
SF:src\handlers\onUnsupported.ts
FN:12,onUnsupported
FNF:1
FNH:1
FNDA:1,onUnsupported
DA:13,1
DA:14,1
DA:15,0
DA:17,0
DA:18,0
DA:25,0
DA:26,0
DA:27,0
DA:28,0
DA:29,0
DA:32,0
DA:33,0
LF:12
LH:2
BRDA:14,0,0,1
BRDA:27,1,0,0
BRDA:32,2,0,0
BRF:3
BRH:1
end_of_record
TN:
SF:src\handlers\resolveChatButtons.ts
FN:10,resolveChatButtons
FN:21,(anonymous_1)
FNF:2
FNH:2
FNDA:3,resolveChatButtons
FNDA:2,(anonymous_1)
DA:18,3
DA:19,3
DA:20,3
DA:21,2
DA:22,2
DA:23,2
DA:24,1
DA:25,1
DA:33,1
DA:37,2
DA:38,2
DA:39,1
DA:40,1
DA:41,1
DA:44,2
LF:15
LH:15
BRDA:18,0,0,3
BRDA:18,0,1,0
BRDA:19,1,0,3
BRDA:19,1,1,3
BRDA:20,2,0,2
BRDA:22,3,0,2
BRDA:23,4,0,1
BRDA:33,5,0,1
BRDA:33,5,1,0
BRDA:38,6,0,1
BRF:10
BRH:8
end_of_record
TN:
SF:src\helpers\google.ts
FN:21,getUserGoogleCreds
FN:28,loadGoogleCreds
FN:36,saveUserGoogleCreds
FN:63,ensureAuth
FN:75,(anonymous_4)
FN:103,createAuthServer
FN:107,(anonymous_6)
FN:115,(anonymous_7)
FN:145,(anonymous_8)
FN:152,addOauthToThread
FN:172,commandGoogleOauth
FNF:11
FNH:0
FNDA:0,getUserGoogleCreds
FNDA:0,loadGoogleCreds
FNDA:0,saveUserGoogleCreds
FNDA:0,ensureAuth
FNDA:0,(anonymous_4)
FNDA:0,createAuthServer
FNDA:0,(anonymous_6)
FNDA:0,(anonymous_7)
FNDA:0,(anonymous_8)
FNDA:0,addOauthToThread
FNDA:0,commandGoogleOauth
DA:19,2
DA:22,0
DA:23,0
DA:24,0
DA:29,0
DA:30,0
DA:32,0
DA:33,0
DA:40,0
DA:41,0
DA:42,0
DA:44,0
DA:45,0
DA:46,0
DA:50,0
DA:53,0
DA:56,0
DA:66,0
DA:67,0
DA:70,0
DA:71,0
DA:72,0
DA:75,0
DA:76,0
DA:81,0
DA:84,0
DA:88,0
DA:89,0
DA:96,0
DA:107,0
DA:108,0
DA:109,0
DA:110,0
DA:111,0
DA:113,0
DA:116,0
DA:117,0
DA:118,0
DA:119,0
DA:120,0
DA:122,0
DA:123,0
DA:125,0
DA:127,0
DA:128,0
DA:130,0
DA:131,0
DA:138,0
DA:141,0
DA:145,0
DA:146,0
DA:149,0
DA:160,0
DA:161,0
DA:162,0
DA:163,0
DA:169,0
DA:173,0
DA:176,0
DA:177,0
DA:178,0
DA:183,0
DA:188,0
DA:189,0
DA:192,0
DA:193,0
LF:66
LH:1
BRDA:22,0,0,0
BRDA:29,1,0,0
BRDA:40,2,0,0
BRDA:44,3,0,0
BRDA:70,4,0,0
BRDA:70,5,0,0
BRDA:70,5,1,0
BRDA:70,5,2,0
BRDA:76,6,0,0
BRDA:88,7,0,0
BRDA:108,8,0,0
BRDA:108,8,1,0
BRDA:111,9,0,0
BRDA:111,9,1,0
BRDA:116,10,0,0
BRDA:161,11,0,0
BRDA:162,12,0,0
BRDA:173,13,0,0
BRDA:173,13,1,0
BRDA:177,14,0,0
BRDA:177,15,0,0
BRDA:177,15,1,0
BRF:22
BRH:0
end_of_record
TN:
SF:src\helpers\history.ts
FN:7,addToHistory
FN:57,forgetHistory
FN:64,forgetHistoryOnTimeout
FNF:3
FNH:0
FNDA:0,addToHistory
FNDA:0,forgetHistory
FNDA:0,forgetHistoryOnTimeout
DA:18,0
DA:19,0
DA:20,0
DA:21,0
DA:29,0
DA:30,0
DA:35,0
DA:36,0
DA:37,0
DA:38,0
DA:39,0
DA:42,0
DA:48,0
DA:50,0
DA:51,0
DA:53,0
DA:58,0
DA:59,0
DA:60,0
DA:68,0
DA:69,0
DA:70,0
DA:71,0
DA:72,0
DA:75,0
DA:76,0
DA:77,0
DA:78,0
DA:79,0
DA:84,0
DA:87,0
LF:31
LH:0
BRDA:18,0,0,0
BRDA:18,0,1,0
BRDA:20,1,0,0
BRDA:29,2,0,0
BRDA:29,2,1,0
BRDA:35,3,0,0
BRDA:35,3,1,0
BRDA:36,4,0,0
BRDA:38,5,0,0
BRDA:50,6,0,0
BRDA:59,7,0,0
BRDA:71,8,0,0
BRDA:71,9,0,0
BRDA:71,9,1,0
BRDA:71,9,2,0
BRDA:77,10,0,0
BRF:16
BRH:0
end_of_record
TN:
SF:src\helpers\lastCtx.ts
FN:5,setLastCtx
FN:9,useLastCtx
FNF:2
FNH:0
FNDA:0,setLastCtx
FNDA:0,useLastCtx
DA:3,1
DA:6,0
DA:10,0
LF:3
LH:1
BRF:0
BRH:0
end_of_record
TN:
SF:src\helpers\placeholders.ts
FN:8,fetchUrl
FN:19,replaceUrlPlaceholders
FN:31,__clearUrlCache
FNF:3
FNH:3
FNDA:2,fetchUrl
FNDA:2,replaceUrlPlaceholders
FNDA:1,__clearUrlCache
DA:6,5
DA:9,2
DA:10,2
DA:11,1
DA:13,1
DA:14,1
DA:15,1
DA:16,1
DA:20,2
DA:21,2
DA:22,2
DA:23,2
DA:24,2
DA:25,2
DA:27,2
DA:32,1
DA:33,0
LF:17
LH:16
BRDA:8,0,0,0
BRDA:10,1,0,1
BRDA:10,2,0,2
BRDA:10,2,1,1
BRDA:19,3,0,2
BRF:5
BRH:4
end_of_record
TN:
SF:src\helpers\readGoogleSheet.ts
FN:4,readGoogleSheet
FN:12,(anonymous_1)
FN:35,readGoogleSheetToRows
FN:44,(anonymous_3)
FN:46,(anonymous_4)
FNF:5
FNH:0
FNDA:0,readGoogleSheet
FNDA:0,(anonymous_1)
FNDA:0,readGoogleSheetToRows
FNDA:0,(anonymous_3)
FNDA:0,(anonymous_4)
DA:9,0
DA:10,0
DA:11,0
DA:12,0
DA:14,0
DA:15,0
DA:16,0
DA:18,0
DA:19,0
DA:27,0
DA:28,0
DA:29,0
DA:32,0
DA:39,0
DA:40,0
DA:42,0
DA:44,0
DA:45,0
DA:46,0
DA:48,0
DA:50,0
DA:53,0
LF:22
LH:0
BRDA:14,0,0,0
BRDA:14,1,0,0
BRDA:14,1,1,0
BRDA:15,2,0,0
BRDA:15,3,0,0
BRDA:15,3,1,0
BRDA:22,4,0,0
BRDA:22,4,1,0
BRDA:22,4,2,0
BRDA:28,5,0,0
BRDA:28,6,0,0
BRDA:28,6,1,0
BRDA:39,7,0,0
BRF:13
BRH:0
end_of_record
TN:
SF:src\helpers\useApi.ts
FN:7,useApi
FN:16,(anonymous_1)
FNF:2
FNH:0
FNDA:0,useApi
FNDA:0,(anonymous_1)
DA:5,4
DA:8,0
DA:9,0
DA:10,0
DA:11,0
DA:15,0
DA:16,0
DA:17,0
DA:18,0
DA:24,0
DA:30,0
LF:11
LH:1
BRDA:8,0,0,0
BRDA:8,0,1,0
BRDA:9,1,0,0
BRDA:11,2,0,0
BRDA:11,2,1,0
BRDA:15,3,0,0
BRDA:15,3,1,0
BRDA:17,4,0,0
BRF:8
BRH:0
end_of_record
TN:
SF:src\helpers\useLangfuse.ts
FN:9,useLangfuse
FN:45,getChatSessionName
FNF:2
FNH:2
FNDA:1,useLangfuse
FNDA:1,getChatSessionName
DA:7,4
DA:13,1
DA:14,1
DA:19,0
DA:22,1
DA:23,1
DA:29,1
DA:30,1
DA:31,1
DA:32,1
DA:38,1
DA:40,1
DA:49,1
DA:50,1
DA:51,1
DA:52,1
DA:53,0
DA:54,0
LF:18
LH:15
BRDA:14,0,0,0
BRDA:15,1,0,1
BRDA:15,1,1,1
BRDA:15,1,2,1
BRDA:22,2,0,1
BRDA:31,3,0,1
BRDA:35,4,0,1
BRDA:35,4,1,1
BRDA:50,5,0,1
BRDA:50,5,1,1
BRDA:51,6,0,1
BRDA:53,7,0,0
BRF:12
BRH:10
end_of_record
TN:
SF:src\helpers\useTools.ts
FN:14,useTools
FN:22,initTools
FN:24,(anonymous_2)
FN:49,(anonymous_3)
FN:50,(anonymous_4)
FN:65,newMcp
FN:81,(anonymous_6)
FNF:7
FNH:0
FNDA:0,useTools
FNDA:0,initTools
FNDA:0,(anonymous_2)
FNDA:0,(anonymous_3)
FNDA:0,(anonymous_4)
FNDA:0,newMcp
FNDA:0,(anonymous_6)
DA:12,4
DA:15,0
DA:16,0
DA:23,0
DA:24,0
DA:26,0
DA:27,0
DA:28,0
DA:29,0
DA:30,0
DA:31,0
DA:33,0
DA:37,0
DA:38,0
DA:39,0
DA:41,0
DA:42,0
DA:43,0
DA:44,0
DA:50,0
DA:51,0
DA:69,0
DA:74,0
DA:77,0
DA:82,0
DA:86,0
DA:90,0
DA:91,0
DA:94,0
LF:29
LH:1
BRDA:15,0,0,0
BRDA:29,1,0,0
BRDA:39,2,0,0
BRDA:90,3,0,0
BRDA:90,3,1,0
BRF:5
BRH:0
end_of_record
TN:
SF:src\helpers\gpt\llm.ts
FN:39,llmCall
FN:83,evaluateAnswer
FN:128,handleModelAnswer
FN:198,(anonymous_3)
FN:208,processToolResults
FN:231,(anonymous_5)
FN:291,(anonymous_6)
FN:326,requestGptAnswer
FN:365,(anonymous_8)
FN:382,(anonymous_9)
FN:432,runEvaluatorWorkflow
FN:440,(anonymous_11)
FNF:12
FNH:0
FNDA:0,llmCall
FNDA:0,evaluateAnswer
FNDA:0,handleModelAnswer
FNDA:0,(anonymous_3)
FNDA:0,processToolResults
FNDA:0,(anonymous_5)
FNDA:0,(anonymous_6)
FNDA:0,requestGptAnswer
FNDA:0,(anonymous_8)
FNDA:0,(anonymous_9)
FNDA:0,runEvaluatorWorkflow
FNDA:0,(anonymous_11)
DA:26,4
DA:52,0
DA:53,0
DA:56,0
DA:57,0
DA:58,0
DA:60,0
DA:63,0
DA:89,0
DA:92,0
DA:93,0
DA:102,0
DA:109,0
DA:110,0
DA:111,0
DA:113,0
DA:138,0
DA:139,0
DA:140,0
DA:143,0
DA:144,0
DA:147,0
DA:149,0
DA:150,0
DA:151,0
DA:152,0
DA:153,0
DA:158,0
DA:159,0
DA:164,0
DA:165,0
DA:173,0
DA:174,0
DA:187,0
DA:188,0
DA:190,0
DA:191,0
DA:196,0
DA:198,0
DA:202,0
DA:205,0
DA:218,0
DA:220,0
DA:223,0
DA:224,0
DA:226,0
DA:230,0
DA:231,0
DA:233,0
DA:235,0
DA:236,0
DA:237,0
DA:238,0
DA:240,0
DA:243,0
DA:252,0
DA:258,0
DA:259,0
DA:260,0
DA:261,0
DA:264,0
DA:265,0
DA:270,0
DA:271,0
DA:275,0
DA:278,0
DA:279,0
DA:280,0
DA:283,0
DA:288,0
DA:290,0
DA:291,0
DA:293,0
DA:296,0
DA:306,0
DA:314,0
DA:339,0
DA:340,0
DA:342,0
DA:343,0
DA:344,0
DA:347,0
DA:349,0
DA:350,0
DA:358,0
DA:359,0
DA:361,0
DA:362,0
DA:365,0
DA:370,0
DA:371,0
DA:372,0
DA:373,0
DA:374,0
DA:375,0
DA:376,0
DA:379,0
DA:381,0
DA:382,0
DA:384,0
DA:387,0
DA:394,0
DA:402,0
DA:411,0
DA:421,0
DA:422,0
DA:429,0
DA:437,0
DA:438,0
DA:439,0
DA:440,0
DA:441,0
DA:442,0
DA:443,0
DA:444,0
DA:450,0
DA:457,0
DA:458,0
DA:462,0
DA:463,0
DA:471,0
DA:474,0
DA:475,0
DA:481,0
DA:490,0
LF:125
LH:1
BRDA:43,0,0,0
BRDA:52,1,0,0
BRDA:52,1,1,0
BRDA:53,2,0,0
BRDA:53,2,1,0
BRDA:57,3,0,0
BRDA:109,4,0,0
BRDA:109,4,1,0
BRDA:135,5,0,0
BRDA:139,6,0,0
BRDA:143,7,0,0
BRDA:143,8,0,0
BRDA:143,8,1,0
BRDA:147,9,0,0
BRDA:158,10,0,0
BRDA:164,11,0,0
BRDA:173,12,0,0
BRDA:187,13,0,0
BRDA:187,13,1,0
BRDA:190,14,0,0
BRDA:196,15,0,0
BRDA:197,16,0,0
BRDA:197,16,1,0
BRDA:235,17,0,0
BRDA:235,17,1,0
BRDA:236,18,0,0
BRDA:236,19,0,0
BRDA:236,19,1,0
BRDA:240,20,0,0
BRDA:240,20,1,0
BRDA:258,21,0,0
BRDA:261,22,0,0
BRDA:261,22,1,0
BRDA:264,23,0,0
BRDA:270,24,0,0
BRDA:278,25,0,0
BRDA:280,26,0,0
BRDA:280,26,1,0
BRDA:288,27,0,0
BRDA:288,27,1,0
BRDA:290,28,0,0
BRDA:290,28,1,0
BRDA:293,29,0,0
BRDA:293,29,1,0
BRDA:295,30,0,0
BRDA:295,30,1,0
BRDA:300,31,0,0
BRDA:300,31,1,0
BRDA:301,32,0,0
BRDA:301,32,1,0
BRDA:339,33,0,0
BRDA:343,34,0,0
BRDA:347,35,0,0
BRDA:347,35,1,0
BRDA:349,36,0,0
BRDA:362,37,0,0
BRDA:362,37,1,0
BRDA:374,38,0,0
BRDA:375,39,0,0
BRDA:375,39,1,0
BRDA:381,40,0,0
BRDA:381,40,1,0
BRDA:384,41,0,0
BRDA:384,41,1,0
BRDA:386,42,0,0
BRDA:386,42,1,0
BRDA:421,43,0,0
BRDA:421,44,0,0
BRDA:421,44,1,0
BRDA:439,45,0,0
BRDA:439,45,1,0
BRDA:441,46,0,0
BRDA:442,47,0,0
BRDA:442,47,1,0
BRDA:443,48,0,0
BRDA:443,48,1,0
BRDA:447,49,0,0
BRDA:447,49,1,0
BRDA:459,50,0,0
BRDA:459,50,1,0
BRDA:459,50,2,0
BRDA:474,51,0,0
BRDA:474,51,1,0
BRDA:478,52,0,0
BRDA:478,52,1,0
BRF:85
BRH:0
end_of_record
TN:
SF:src\helpers\gpt\messages.ts
FN:6,sanitizeName
FN:10,buildMessages
FN:29,(anonymous_2)
FN:43,getSystemMessage
FN:64,getTokensCount
FNF:5
FNH:3
FNDA:1,sanitizeName
FNDA:2,buildMessages
FNDA:8,(anonymous_2)
FNDA:0,getSystemMessage
FNDA:0,getTokensCount
DA:7,1
DA:14,2
DA:15,2
DA:22,2
DA:24,2
DA:25,0
DA:28,2
DA:30,8
DA:33,8
DA:34,1
DA:36,8
DA:40,2
DA:47,0
DA:53,0
DA:56,0
DA:61,0
DA:65,0
DA:70,0
DA:71,0
LF:19
LH:11
BRDA:7,0,0,1
BRDA:7,0,1,0
BRDA:24,1,0,0
BRDA:24,2,0,2
BRDA:24,2,1,2
BRDA:33,3,0,1
BRDA:53,4,0,0
BRDA:53,4,1,0
BRDA:53,4,2,0
BRDA:61,5,0,0
BRDA:61,5,1,0
BRDA:65,6,0,0
BRDA:65,6,1,0
BRF:13
BRH:4
end_of_record
TN:
SF:src\helpers\gpt\tools.ts
FN:23,chatAsTool
FN:36,(anonymous_1)
FN:38,(anonymous_2)
FN:48,(anonymous_3)
FN:48,(anonymous_4)
FN:124,(anonymous_5)
FN:135,executeTools
FN:157,(anonymous_7)
FN:158,(anonymous_8)
FN:167,joinWithOr
FN:173,prettifyKey
FN:193,prettifyExpertizemeSearchItems
FN:243,prettifyKeyValue
FN:251,(anonymous_13)
FN:258,(anonymous_14)
FN:273,(anonymous_15)
FN:274,(anonymous_16)
FN:294,(anonymous_17)
FN:341,(anonymous_18)
FN:395,(anonymous_19)
FN:398,(anonymous_20)
FN:421,(anonymous_21)
FN:439,resolveChatTools
FN:451,(anonymous_23)
FN:456,(anonymous_24)
FN:469,(anonymous_25)
FN:475,(anonymous_26)
FN:475,(anonymous_27)
FN:481,getToolsPrompts
FN:488,(anonymous_29)
FN:500,getToolsSystemMessages
FN:507,(anonymous_31)
FNF:32
FNH:7
FNDA:0,chatAsTool
FNDA:0,(anonymous_1)
FNDA:0,(anonymous_2)
FNDA:0,(anonymous_3)
FNDA:0,(anonymous_4)
FNDA:0,(anonymous_5)
FNDA:2,executeTools
FNDA:2,(anonymous_7)
FNDA:2,(anonymous_8)
FNDA:0,joinWithOr
FNDA:1,prettifyKey
FNDA:0,prettifyExpertizemeSearchItems
FNDA:1,prettifyKeyValue
FNDA:0,(anonymous_13)
FNDA:0,(anonymous_14)
FNDA:0,(anonymous_15)
FNDA:0,(anonymous_16)
FNDA:1,(anonymous_17)
FNDA:1,(anonymous_18)
FNDA:0,(anonymous_19)
FNDA:0,(anonymous_20)
FNDA:0,(anonymous_21)
FNDA:0,resolveChatTools
FNDA:0,(anonymous_23)
FNDA:0,(anonymous_24)
FNDA:0,(anonymous_25)
FNDA:0,(anonymous_26)
FNDA:0,(anonymous_27)
FNDA:0,getToolsPrompts
FNDA:0,(anonymous_29)
FNDA:0,getToolsSystemMessages
FNDA:0,(anonymous_31)
DA:32,0
DA:37,0
DA:38,0
DA:40,0
DA:41,0
DA:45,0
DA:48,0
DA:49,0
DA:56,0
DA:57,0
DA:59,0
DA:61,0
DA:65,0
DA:66,0
DA:73,0
DA:74,0
DA:75,0
DA:82,0
DA:83,0
DA:90,0
DA:92,0
DA:95,0
DA:96,0
DA:125,0
DA:143,2
DA:145,2
DA:146,0
DA:147,0
DA:148,0
DA:149,2
DA:150,0
DA:151,0
DA:152,0
DA:155,2
DA:157,2
DA:158,2
DA:159,2
DA:160,1
DA:162,1
DA:165,1
DA:168,0
DA:169,0
DA:170,0
DA:174,1
DA:175,1
DA:176,1
DA:177,1
DA:178,1
DA:194,0
DA:195,0
DA:196,0
DA:197,0
DA:198,0
DA:199,0
DA:200,0
DA:201,0
DA:202,0
DA:203,0
DA:205,0
DA:207,0
DA:208,0
DA:212,0
DA:213,0
DA:222,0
DA:223,0
DA:224,0
DA:226,0
DA:229,0
DA:231,0
DA:234,0
DA:236,0
DA:237,0
DA:238,0
DA:240,0
DA:244,1
DA:245,1
DA:246,1
DA:247,0
DA:248,0
DA:249,0
DA:251,0
DA:254,0
DA:255,0
DA:256,0
DA:258,0
DA:261,1
DA:264,1
DA:265,1
DA:267,1
DA:268,0
DA:269,0
DA:270,0
DA:271,0
DA:272,0
DA:273,0
DA:274,0
DA:276,0
DA:277,0
DA:278,0
DA:281,0
DA:282,0
DA:286,1
DA:287,0
DA:289,1
DA:295,1
DA:299,1
DA:300,0
DA:303,1
DA:304,1
DA:305,1
DA:307,1
DA:308,1
DA:314,1
DA:315,0
DA:316,0
DA:317,0
DA:318,0
DA:329,1
DA:330,1
DA:332,1
DA:333,1
DA:341,1
DA:342,1
DA:343,1
DA:345,0
DA:346,0
DA:351,0
DA:358,0
DA:360,0
DA:364,1
DA:366,1
DA:367,1
DA:369,1
DA:370,1
DA:373,0
DA:374,0
DA:375,0
DA:391,0
DA:394,2
DA:395,0
DA:396,0
DA:399,0
DA:400,0
DA:401,0
DA:402,0
DA:408,0
DA:409,0
DA:416,0
DA:419,0
DA:422,0
DA:423,0
DA:430,0
DA:436,2
DA:443,0
DA:444,0
DA:445,0
DA:446,0
DA:449,0
DA:450,0
DA:451,0
DA:453,0
DA:454,0
DA:455,0
DA:457,0
DA:460,0
DA:461,0
DA:462,0
DA:465,0
DA:467,0
DA:469,0
DA:472,0
DA:473,0
DA:475,0
DA:486,0
DA:489,0
DA:490,0
DA:491,0
DA:493,0
DA:497,0
DA:505,0
DA:508,0
DA:509,0
DA:510,0
DA:512,0
DA:516,0
LF:185
LH:46
BRDA:38,0,0,0
BRDA:38,0,1,0
BRDA:40,1,0,0
BRDA:42,2,0,0
BRDA:42,2,1,0
BRDA:42,2,2,0
BRDA:62,3,0,0
BRDA:62,3,1,0
BRDA:62,4,0,0
BRDA:62,4,1,0
BRDA:63,5,0,0
BRDA:63,5,1,0
BRDA:63,5,2,0
BRDA:74,6,0,0
BRDA:74,6,1,0
BRDA:82,7,0,0
BRDA:95,8,0,0
BRDA:95,8,1,0
BRDA:98,9,0,0
BRDA:98,9,1,0
BRDA:108,10,0,0
BRDA:108,10,1,0
BRDA:109,11,0,0
BRDA:109,11,1,0
BRDA:143,12,0,2
BRDA:143,12,1,0
BRDA:145,13,0,0
BRDA:145,13,1,2
BRDA:149,14,0,0
BRDA:159,15,0,1
BRDA:165,16,0,0
BRDA:168,17,0,0
BRDA:169,18,0,0
BRDA:174,19,0,0
BRDA:195,20,0,0
BRDA:197,21,0,0
BRDA:197,22,0,0
BRDA:197,22,1,0
BRDA:198,23,0,0
BRDA:198,23,1,0
BRDA:199,24,0,0
BRDA:199,24,1,0
BRDA:202,25,0,0
BRDA:202,25,1,0
BRDA:205,26,0,0
BRDA:205,26,1,0
BRDA:207,27,0,0
BRDA:207,27,1,0
BRDA:213,28,0,0
BRDA:223,29,0,0
BRDA:223,29,1,0
BRDA:229,30,0,0
BRDA:229,31,0,0
BRDA:229,31,1,0
BRDA:233,32,0,0
BRDA:233,32,1,0
BRDA:236,33,0,0
BRDA:236,34,0,0
BRDA:236,34,1,0
BRDA:243,35,0,1
BRDA:246,36,0,0
BRDA:246,37,0,1
BRDA:246,37,1,1
BRDA:247,38,0,0
BRDA:248,39,0,0
BRDA:255,40,0,0
BRDA:267,41,0,0
BRDA:270,42,0,0
BRDA:270,42,1,0
BRDA:277,43,0,0
BRDA:278,44,0,0
BRDA:278,44,1,0
BRDA:279,45,0,0
BRDA:279,45,1,0
BRDA:286,46,0,0
BRDA:286,46,1,1
BRDA:291,47,0,0
BRDA:291,47,1,1
BRDA:299,48,0,0
BRDA:307,49,0,1
BRDA:307,50,0,1
BRDA:307,50,1,1
BRDA:314,51,0,0
BRDA:317,52,0,0
BRDA:329,53,0,1
BRDA:332,54,0,1
BRDA:334,55,0,0
BRDA:334,55,1,1
BRDA:341,56,0,1
BRDA:346,57,0,0
BRDA:347,58,0,0
BRDA:347,58,1,0
BRDA:347,58,2,0
BRDA:366,59,0,1
BRDA:374,60,0,0
BRDA:394,61,0,0
BRDA:443,62,0,0
BRDA:443,63,0,0
BRDA:443,63,1,0
BRDA:444,64,0,0
BRDA:445,65,0,0
BRDA:450,66,0,0
BRDA:453,67,0,0
BRDA:453,67,1,0
BRDA:453,67,2,0
BRDA:454,68,0,0
BRDA:457,69,0,0
BRDA:457,69,1,0
BRDA:460,70,0,0
BRDA:461,71,0,0
BRDA:463,72,0,0
BRDA:463,72,1,0
BRDA:465,73,0,0
BRDA:474,74,0,0
BRDA:474,74,1,0
BRDA:490,75,0,0
BRDA:509,76,0,0
BRF:117
BRH:16
end_of_record
TN:
SF:src\telegram\send.ts
FN:33,sanitizeTelegramHtml
FN:52,sendTelegramMessage
FN:63,(anonymous_2)
FN:123,(anonymous_3)
FN:166,(anonymous_4)
FN:190,isAdminUser
FN:195,buildButtonRows
FN:197,(anonymous_7)
FN:206,getFullName
FN:228,getTelegramForwardedUser
FNF:10
FNH:0
FNDA:0,sanitizeTelegramHtml
FNDA:0,sendTelegramMessage
FNDA:0,(anonymous_2)
FNDA:0,(anonymous_3)
FNDA:0,(anonymous_4)
FNDA:0,isAdminUser
FNDA:0,buildButtonRows
FNDA:0,(anonymous_7)
FNDA:0,getFullName
FNDA:0,getTelegramForwardedUser
DA:35,0
DA:37,0
DA:39,0
DA:41,0
DA:43,0
DA:44,0
DA:61,0
DA:63,0
DA:66,0
DA:67,0
DA:68,0
DA:72,0
DA:80,0
DA:83,0
DA:84,0
DA:85,0
DA:86,0
DA:87,0
DA:88,0
DA:89,0
DA:90,0
DA:91,0
DA:93,0
DA:96,0
DA:100,0
DA:101,0
DA:102,0
DA:104,0
DA:108,0
DA:111,0
DA:112,0
DA:113,0
DA:114,0
DA:115,0
DA:116,0
DA:119,0
DA:121,0
DA:122,0
DA:123,0
DA:125,0
DA:126,0
DA:132,0
DA:134,0
DA:136,0
DA:141,0
DA:143,0
DA:151,0
DA:160,0
DA:162,0
DA:165,0
DA:166,0
DA:167,0
DA:174,0
DA:175,0
DA:179,0
DA:183,0
DA:184,0
DA:187,0
DA:191,0
DA:192,0
DA:196,0
DA:197,0
DA:198,0
DA:199,0
DA:200,0
DA:201,0
DA:203,0
DA:210,0
DA:211,0
DA:212,0
DA:213,0
DA:215,0
DA:216,0
DA:217,0
DA:220,0
DA:221,0
DA:232,0
DA:233,0
DA:235,0
DA:237,0
DA:241,0
DA:244,0
DA:250,0
LF:83
LH:0
BRDA:62,0,0,0
BRDA:62,0,1,0
BRDA:62,0,2,0
BRDA:66,1,0,0
BRDA:83,2,0,0
BRDA:89,3,0,0
BRDA:90,4,0,0
BRDA:90,4,1,0
BRDA:90,5,0,0
BRDA:90,5,1,0
BRDA:100,6,0,0
BRDA:101,7,0,0
BRDA:101,7,1,0
BRDA:101,8,0,0
BRDA:101,8,1,0
BRDA:111,9,0,0
BRDA:111,9,1,0
BRDA:113,10,0,0
BRDA:113,10,1,0
BRDA:115,11,0,0
BRDA:122,12,0,0
BRDA:134,13,0,0
BRDA:137,14,0,0
BRDA:137,14,1,0
BRDA:160,15,0,0
BRDA:162,16,0,0
BRDA:162,16,1,0
BRDA:165,17,0,0
BRDA:174,18,0,0
BRDA:183,19,0,0
BRDA:191,20,0,0
BRDA:192,21,0,0
BRDA:192,21,1,0
BRDA:198,22,0,0
BRDA:198,22,1,0
BRDA:200,23,0,0
BRDA:200,23,1,0
BRDA:211,24,0,0
BRDA:212,25,0,0
BRDA:213,26,0,0
BRDA:213,26,1,0
BRDA:216,27,0,0
BRDA:220,28,0,0
BRDA:233,29,0,0
BRDA:237,30,0,0
BRDA:237,30,1,0
BRDA:241,31,0,0
BRDA:244,32,0,0
BRDA:244,32,1,0
BRDA:246,33,0,0
BRDA:246,33,1,0
BRDA:247,34,0,0
BRDA:247,34,1,0
BRDA:250,35,0,0
BRDA:250,35,1,0
BRF:55
BRH:0
end_of_record
TN:
SF:src\utils\text.ts
FN:1,splitBigMessage
FNF:1
FNH:0
FNDA:0,splitBigMessage
DA:2,0
DA:3,0
DA:4,0
DA:6,0
DA:7,0
DA:8,0
DA:9,0
DA:10,0
DA:11,0
DA:13,0
DA:15,0
DA:16,0
DA:18,0
DA:19,0
LF:14
LH:0
BRDA:8,0,0,0
BRDA:9,1,0,0
BRDA:10,2,0,0
BRDA:15,3,0,0
BRDA:18,4,0,0
BRF:5
BRH:0
end_of_record
